[1/2] "C:/Program Files/Microsoft Visual Studio/18/Community/Common7/IDE/CommonExtensions/Microsoft/CMake/CMake/bin/cmake.exe" -E chdir ".." "C:/Program Files/Microsoft Visual Studio/18/Community/Common7/IDE/CommonExtensions/Microsoft/CMake/CMake/bin/cmake.exe" "C:/Users/Ondra/Desktop/3D engine/vcpkg_installed/vcpkg/blds/sdl2/src/se-2.32.10-3b143ac573.clean" "-G" "Ninja" "-DCMAKE_BUILD_TYPE=Release" "-DCMAKE_INSTALL_PREFIX=C:/Users/Ondra/Desktop/3D engine/vcpkg_installed/vcpkg/pkgs/sdl2_x64-windows" "-DFETCHCONTENT_FULLY_DISCONNECTED=ON" "-DSDL_ALSA=OFF" "-DSDL_DBUS=OFF" "-DSDL_IBUS=OFF" "-DSDL_LIBSAMPLERATE=OFF" "-DSDL_VULKAN=OFF" "-DSDL_WAYLAND=OFF" "-DSDL_X11=OFF" "-DSDL_STATIC=0" "-DSDL_SHARED=1" "-DSDL_FORCE_STATIC_VCRT=0" "-DSDL_LIBC=ON" "-DSDL_TEST=OFF" "-DSDL_INSTALL_CMAKEDIR=cmake" "-DCMAKE_DISABLE_FIND_PACKAGE_Git=ON" "-DSDL_LIBSAMPLERATE_SHARED=OFF" "-DCMAKE_MAKE_PROGRAM=C:\Users\Ondra\AppData\Local\vcpkg\downloads\tools\ninja-1.13.2-windows\ninja.exe" "-DBUILD_SHARED_LIBS=ON" "-DVCPKG_CHAINLOAD_TOOLCHAIN_FILE=C:/Program Files/Microsoft Visual Studio/18/Community/VC/vcpkg/scripts/toolchains/windows.cmake" "-DVCPKG_TARGET_TRIPLET=x64-windows" "-DVCPKG_SET_CHARSET_FLAG=ON" "-DVCPKG_PLATFORM_TOOLSET=v145" "-DCMAKE_EXPORT_NO_PACKAGE_REGISTRY=ON" "-DCMAKE_FIND_PACKAGE_NO_PACKAGE_REGISTRY=ON" "-DCMAKE_FIND_PACKAGE_NO_SYSTEM_PACKAGE_REGISTRY=ON" "-DCMAKE_INSTALL_SYSTEM_RUNTIME_LIBS_SKIP=TRUE" "-DCMAKE_VERBOSE_MAKEFILE=ON" "-DVCPKG_APPLOCAL_DEPS=OFF" "-DCMAKE_TOOLCHAIN_FILE=C:/Program Files/Microsoft Visual Studio/18/Community/VC/vcpkg/scripts/buildsystems/vcpkg.cmake" "-DCMAKE_ERROR_ON_ABSOLUTE_INSTALL_DESTINATION=ON" "-DVCPKG_CXX_FLAGS=" "-DVCPKG_CXX_FLAGS_RELEASE=" "-DVCPKG_CXX_FLAGS_DEBUG=" "-DVCPKG_C_FLAGS=" "-DVCPKG_C_FLAGS_RELEASE=" "-DVCPKG_C_FLAGS_DEBUG=" "-DVCPKG_CRT_LINKAGE=dynamic" "-DVCPKG_LINKER_FLAGS=" "-DVCPKG_LINKER_FLAGS_RELEASE=" "-DVCPKG_LINKER_FLAGS_DEBUG=" "-DVCPKG_TARGET_ARCHITECTURE=x64" "-DCMAKE_INSTALL_LIBDIR:STRING=lib" "-DCMAKE_INSTALL_BINDIR:STRING=bin" "-D_VCPKG_ROOT_DIR=C:/Program Files/Microsoft Visual Studio/18/Community/VC/vcpkg" "-D_VCPKG_INSTALLED_DIR=C:/Users/Ondra/Desktop/3D engine/vcpkg_installed" "-DVCPKG_MANIFEST_INSTALL=OFF"
-- The C compiler identification is MSVC 19.50.35729.0
-- Detecting C compiler ABI info
-- Detecting C compiler ABI info - done
-- Check for working C compiler: C:/Program Files/Microsoft Visual Studio/18/Community/VC/Tools/MSVC/14.50.35717/bin/Hostx64/x64/cl.exe - skipped
-- Detecting C compile features
-- Detecting C compile features - done
-- Could NOT find PkgConfig (missing: PKG_CONFIG_EXECUTABLE) 
-- Looking for __GLIBC__
-- Looking for __GLIBC__ - not found
-- Performing Test CHECK_CPU_ARCHITECTURE_X86
-- Performing Test CHECK_CPU_ARCHITECTURE_X86 - Failed
-- Performing Test CHECK_CPU_ARCHITECTURE_X64
-- Performing Test CHECK_CPU_ARCHITECTURE_X64 - Success
-- Performing Test CHECK_CPU_ARCHITECTURE_ARM32
-- Performing Test CHECK_CPU_ARCHITECTURE_ARM32 - Failed
-- Performing Test CHECK_CPU_ARCHITECTURE_ARM64
-- Performing Test CHECK_CPU_ARCHITECTURE_ARM64 - Failed
-- Performing Test CHECK_CPU_ARCHITECTURE_ARM64EC
-- Performing Test CHECK_CPU_ARCHITECTURE_ARM64EC - Failed
-- Performing Test CHECK_CPU_ARCHITECTURE_LOONGARCH64
-- Performing Test CHECK_CPU_ARCHITECTURE_LOONGARCH64 - Failed
-- Looking for immintrin.h
-- Looking for immintrin.h - found
-- Looking for stdint.h
-- Looking for stdint.h - found
-- Looking for M_PI
-- Looking for M_PI - not found
-- Performing Test HAVE_WIN32_CC
-- Performing Test HAVE_WIN32_CC - Success
-- Looking for d3d9.h
-- Looking for d3d9.h - found
-- Looking for d3d11_1.h
-- Looking for d3d11_1.h - found
-- Performing Test HAVE_D3D12_H
-- Performing Test HAVE_D3D12_H - Success
-- Looking for ddraw.h
-- Looking for ddraw.h - found
-- Looking for dsound.h
-- Looking for dsound.h - found
-- Looking for dinput.h
-- Looking for dinput.h - found
-- Looking for dxgi.h
-- Looking for dxgi.h - found
-- Performing Test HAVE_XINPUT_H
-- Performing Test HAVE_XINPUT_H - Success
-- Performing Test HAVE_WINDOWS_GAMING_INPUT_H
-- Performing Test HAVE_WINDOWS_GAMING_INPUT_H - Success
-- Looking for tpcshrd.h
-- Looking for tpcshrd.h - found
-- Looking for roapi.h
-- Looking for roapi.h - found
-- Looking for mmdeviceapi.h
-- Looking for mmdeviceapi.h - found
-- Looking for audioclient.h
-- Looking for audioclient.h - found
-- Looking for sensorsapi.h
-- Looking for sensorsapi.h - found
-- Looking for shellscalingapi.h
-- Looking for shellscalingapi.h - found
CMake Deprecation Warning at CMakeLists.txt:3313 (cmake_minimum_required):
  Compatibility with CMake < 3.10 will be removed from a future version of
  CMake.

  Update the VERSION argument <min> value.  Or, use the <min>...<max> syntax
  to tell CMake that the project requires at least <min> but has been updated
  to work with policies introduced by <max> or earlier.


-- 
-- SDL2 was configured with the following options:
-- 
-- Platform: Windows-10.0.26200
-- 64-bit:   TRUE
-- Compiler: C:/Program Files/Microsoft Visual Studio/18/Community/VC/Tools/MSVC/14.50.35717/bin/Hostx64/x64/cl.exe
-- Revision: SDL-2.32.10-no-vcs
-- 
-- Subsystems:
--   Atomic:	ON
--   Audio:	ON
--   Video:	ON
--   Render:	ON
--   Events:	ON
--   Joystick:	ON
--   Haptic:	ON
--   Hidapi:	ON
--   Power:	ON
--   Threads:	ON
--   Timers:	ON
--   File:	ON
--   Loadso:	ON
--   CPUinfo:	ON
--   Filesystem:	ON
--   Sensor:	ON
--   Locale:	ON
--   Misc:	ON
-- 
-- Options:
--   SDL2_DISABLE_INSTALL        (Wanted: OFF): OFF
--   SDL2_DISABLE_SDL2MAIN       (Wanted: OFF): OFF
--   SDL2_DISABLE_UNINSTALL      (Wanted: OFF): OFF
--   SDL_3DNOW                   (Wanted: OFF): OFF
--   SDL_ALSA                    (Wanted: OFF): OFF
--   SDL_ALSA_SHARED             (Wanted: OFF): OFF
--   SDL_ALTIVEC                 (Wanted: ON): OFF
--   SDL_ARMNEON                 (Wanted: OFF): OFF
--   SDL_ARMSIMD                 (Wanted: OFF): OFF
--   SDL_ARTS                    (Wanted: OFF): OFF
--   SDL_ARTS_SHARED             (Wanted: OFF): OFF
--   SDL_ASAN                    (Wanted: OFF): OFF
--   SDL_ASSEMBLY                (Wanted: ON): OFF
--   SDL_ASSERTIONS              (Wanted: auto): auto
--   SDL_BACKGROUNDING_SIGNAL    (Wanted: OFF): OFF
--   SDL_CCACHE                  (Wanted: ON): OFF
--   SDL_CLOCK_GETTIME           (Wanted: OFF): OFF
--   SDL_COCOA                   (Wanted: OFF): OFF
--   SDL_DBUS                    (Wanted: OFF): OFF
--   SDL_DIRECTFB                (Wanted: OFF): OFF
--   SDL_DIRECTFB_SHARED         (Wanted: OFF): OFF
--   SDL_DIRECTX                 (Wanted: ON): ON
--   SDL_DISKAUDIO               (Wanted: ON): ON
--   SDL_DUMMYAUDIO              (Wanted: ON): ON
--   SDL_DUMMYVIDEO              (Wanted: ON): ON
--   SDL_ESD                     (Wanted: OFF): OFF
--   SDL_ESD_SHARED              (Wanted: OFF): OFF
--   SDL_FOREGROUNDING_SIGNAL    (Wanted: OFF): OFF
--   SDL_FUSIONSOUND             (Wanted: OFF): OFF
--   SDL_FUSIONSOUND_SHARED      (Wanted: OFF): OFF
--   SDL_GCC_ATOMICS             (Wanted: OFF): OFF
--   SDL_HIDAPI                  (Wanted: ON): ON
--   SDL_HIDAPI_JOYSTICK         (Wanted: ON): ON
--   SDL_HIDAPI_LIBUSB           (Wanted: OFF): OFF
--   SDL_IBUS                    (Wanted: OFF): OFF
--   SDL_INSTALL_TESTS           (Wanted: OFF): OFF
--   SDL_JACK                    (Wanted: OFF): OFF
--   SDL_JACK_SHARED             (Wanted: OFF): OFF
--   SDL_KMSDRM                  (Wanted: OFF): OFF
--   SDL_KMSDRM_SHARED           (Wanted: OFF): OFF
--   SDL_LASX                    (Wanted: OFF): OFF
--   SDL_LIBC                    (Wanted: ON): ON
--   SDL_LIBICONV                (Wanted: OFF): OFF
--   SDL_LIBSAMPLERATE           (Wanted: OFF): OFF
--   SDL_LIBSAMPLERATE_SHARED    (Wanted: OFF): OFF
--   SDL_LIBUDEV                 (Wanted: ON): OFF
--   SDL_LSX                     (Wanted: OFF): OFF
--   SDL_METAL                   (Wanted: OFF): OFF
--   SDL_MMX                     (Wanted: ON): OFF
--   SDL_NAS                     (Wanted: OFF): OFF
--   SDL_NAS_SHARED              (Wanted: OFF): OFF
--   SDL_OFFSCREEN               (Wanted: ON): ON
--   SDL_OPENGL                  (Wanted: ON): ON
--   SDL_OPENGLES                (Wanted: ON): ON
--   SDL_OSS                     (Wanted: OFF): OFF
--   SDL_PIPEWIRE                (Wanted: OFF): OFF
--   SDL_PIPEWIRE_SHARED         (Wanted: OFF): OFF
--   SDL_PTHREADS                (Wanted: OFF): OFF
--   SDL_PTHREADS_SEM            (Wanted: OFF): OFF
--   SDL_PULSEAUDIO              (Wanted: OFF): OFF
--   SDL_PULSEAUDIO_SHARED       (Wanted: OFF): OFF
--   SDL_RENDER_D3D              (Wanted: ON): ON
--   SDL_RENDER_METAL            (Wanted: OFF): OFF
--   SDL_RPATH                   (Wanted: OFF): OFF
--   SDL_RPI                     (Wanted: OFF): OFF
--   SDL_SNDIO                   (Wanted: OFF): OFF
--   SDL_SNDIO_SHARED            (Wanted: OFF): OFF
--   SDL_SSE                     (Wanted: ON): ON
--   SDL_SSE2                    (Wanted: ON): ON
--   SDL_SSE3                    (Wanted: ON): ON
--   SDL_SSEMATH                 (Wanted: ON): OFF
--   SDL_STATIC_PIC              (Wanted: OFF): OFF
--   SDL_SYSTEM_ICONV            (Wanted: OFF): OFF
--   SDL_TESTS                   (Wanted: OFF): OFF
--   SDL_VENDOR_INFO             (Wanted: ): OFF
--   SDL_VIRTUAL_JOYSTICK        (Wanted: ON): ON
--   SDL_VIVANTE                 (Wanted: OFF): OFF
--   SDL_VULKAN                  (Wanted: OFF): OFF
--   SDL_WASAPI                  (Wanted: ON): ON
--   SDL_WAYLAND                 (Wanted: OFF): OFF
--   SDL_WAYLAND_LIBDECOR        (Wanted: OFF): OFF
--   SDL_WAYLAND_LIBDECOR_SHARED (Wanted: OFF): OFF
--   SDL_WAYLAND_QT_TOUCH        (Wanted: OFF): OFF
--   SDL_WAYLAND_SHARED          (Wanted: OFF): OFF
--   SDL_X11                     (Wanted: OFF): OFF
--   SDL_X11_SHARED              (Wanted: OFF): OFF
--   SDL_X11_XCURSOR             (Wanted: OFF): OFF
--   SDL_X11_XDBE                (Wanted: OFF): OFF
--   SDL_X11_XFIXES              (Wanted: OFF): OFF
--   SDL_X11_XINPUT              (Wanted: OFF): OFF
--   SDL_X11_XRANDR              (Wanted: OFF): OFF
--   SDL_X11_XSCRNSAVER          (Wanted: OFF): OFF
--   SDL_X11_XSHAPE              (Wanted: OFF): OFF
--   SDL_XINPUT                  (Wanted: ON): ON
-- 
--  CFLAGS:         /nologo /DWIN32 /D_WINDOWS /utf-8 /MP 
--  EXTRA_CFLAGS:  
--  EXTRA_LDFLAGS:  
--  EXTRA_LIBS:    kernel32;user32;gdi32;winmm;imm32;ole32;oleaut32;version;uuid;advapi32;setupapi;shell32;dinput8
-- 
--  Build Shared Library: 1
--  Build Static Library: 0
-- 
-- Configuring done (11.1s)
-- Generating done (0.5s)
CMake Warning:
  Manually-specified variables were not used by the project:

    FETCHCONTENT_FULLY_DISCONNECTED
    _VCPKG_ROOT_DIR


-- Build files have been written to: C:/Users/Ondra/Desktop/3D engine/vcpkg_installed/vcpkg/blds/sdl2/x64-windows-rel
[2/2] "C:/Program Files/Microsoft Visual Studio/18/Community/Common7/IDE/CommonExtensions/Microsoft/CMake/CMake/bin/cmake.exe" -E chdir "../../x64-windows-dbg" "C:/Program Files/Microsoft Visual Studio/18/Community/Common7/IDE/CommonExtensions/Microsoft/CMake/CMake/bin/cmake.exe" "C:/Users/Ondra/Desktop/3D engine/vcpkg_installed/vcpkg/blds/sdl2/src/se-2.32.10-3b143ac573.clean" "-G" "Ninja" "-DCMAKE_BUILD_TYPE=Debug" "-DCMAKE_INSTALL_PREFIX=C:/Users/Ondra/Desktop/3D engine/vcpkg_installed/vcpkg/pkgs/sdl2_x64-windows/debug" "-DFETCHCONTENT_FULLY_DISCONNECTED=ON" "-DSDL_ALSA=OFF" "-DSDL_DBUS=OFF" "-DSDL_IBUS=OFF" "-DSDL_LIBSAMPLERATE=OFF" "-DSDL_VULKAN=OFF" "-DSDL_WAYLAND=OFF" "-DSDL_X11=OFF" "-DSDL_STATIC=0" "-DSDL_SHARED=1" "-DSDL_FORCE_STATIC_VCRT=0" "-DSDL_LIBC=ON" "-DSDL_TEST=OFF" "-DSDL_INSTALL_CMAKEDIR=cmake" "-DCMAKE_DISABLE_FIND_PACKAGE_Git=ON" "-DSDL_LIBSAMPLERATE_SHARED=OFF" "-DCMAKE_MAKE_PROGRAM=C:\Users\Ondra\AppData\Local\vcpkg\downloads\tools\ninja-1.13.2-windows\ninja.exe" "-DBUILD_SHARED_LIBS=ON" "-DVCPKG_CHAINLOAD_TOOLCHAIN_FILE=C:/Program Files/Microsoft Visual Studio/18/Community/VC/vcpkg/scripts/toolchains/windows.cmake" "-DVCPKG_TARGET_TRIPLET=x64-windows" "-DVCPKG_SET_CHARSET_FLAG=ON" "-DVCPKG_PLATFORM_TOOLSET=v145" "-DCMAKE_EXPORT_NO_PACKAGE_REGISTRY=ON" "-DCMAKE_FIND_PACKAGE_NO_PACKAGE_REGISTRY=ON" "-DCMAKE_FIND_PACKAGE_NO_SYSTEM_PACKAGE_REGISTRY=ON" "-DCMAKE_INSTALL_SYSTEM_RUNTIME_LIBS_SKIP=TRUE" "-DCMAKE_VERBOSE_MAKEFILE=ON" "-DVCPKG_APPLOCAL_DEPS=OFF" "-DCMAKE_TOOLCHAIN_FILE=C:/Program Files/Microsoft Visual Studio/18/Community/VC/vcpkg/scripts/buildsystems/vcpkg.cmake" "-DCMAKE_ERROR_ON_ABSOLUTE_INSTALL_DESTINATION=ON" "-DVCPKG_CXX_FLAGS=" "-DVCPKG_CXX_FLAGS_RELEASE=" "-DVCPKG_CXX_FLAGS_DEBUG=" "-DVCPKG_C_FLAGS=" "-DVCPKG_C_FLAGS_RELEASE=" "-DVCPKG_C_FLAGS_DEBUG=" "-DVCPKG_CRT_LINKAGE=dynamic" "-DVCPKG_LINKER_FLAGS=" "-DVCPKG_LINKER_FLAGS_RELEASE=" "-DVCPKG_LINKER_FLAGS_DEBUG=" "-DVCPKG_TARGET_ARCHITECTURE=x64" "-DCMAKE_INSTALL_LIBDIR:STRING=lib" "-DCMAKE_INSTALL_BINDIR:STRING=bin" "-D_VCPKG_ROOT_DIR=C:/Program Files/Microsoft Visual Studio/18/Community/VC/vcpkg" "-D_VCPKG_INSTALLED_DIR=C:/Users/Ondra/Desktop/3D engine/vcpkg_installed" "-DVCPKG_MANIFEST_INSTALL=OFF"
-- The C compiler identification is MSVC 19.50.35729.0
-- Detecting C compiler ABI info
-- Detecting C compiler ABI info - done
-- Check for working C compiler: C:/Program Files/Microsoft Visual Studio/18/Community/VC/Tools/MSVC/14.50.35717/bin/Hostx64/x64/cl.exe - skipped
-- Detecting C compile features
-- Detecting C compile features - done
-- Could NOT find PkgConfig (missing: PKG_CONFIG_EXECUTABLE) 
-- Looking for __GLIBC__
-- Looking for __GLIBC__ - not found
-- Performing Test CHECK_CPU_ARCHITECTURE_X86
-- Performing Test CHECK_CPU_ARCHITECTURE_X86 - Failed
-- Performing Test CHECK_CPU_ARCHITECTURE_X64
-- Performing Test CHECK_CPU_ARCHITECTURE_X64 - Success
-- Performing Test CHECK_CPU_ARCHITECTURE_ARM32
-- Performing Test CHECK_CPU_ARCHITECTURE_ARM32 - Failed
-- Performing Test CHECK_CPU_ARCHITECTURE_ARM64
-- Performing Test CHECK_CPU_ARCHITECTURE_ARM64 - Failed
-- Performing Test CHECK_CPU_ARCHITECTURE_ARM64EC
-- Performing Test CHECK_CPU_ARCHITECTURE_ARM64EC - Failed
-- Performing Test CHECK_CPU_ARCHITECTURE_LOONGARCH64
-- Performing Test CHECK_CPU_ARCHITECTURE_LOONGARCH64 - Failed
-- Looking for immintrin.h
-- Looking for immintrin.h - found
-- Looking for stdint.h
-- Looking for stdint.h - found
-- Looking for M_PI
-- Looking for M_PI - not found
-- Performing Test HAVE_WIN32_CC
-- Performing Test HAVE_WIN32_CC - Success
-- Looking for d3d9.h
-- Looking for d3d9.h - found
-- Looking for d3d11_1.h
-- Looking for d3d11_1.h - found
-- Performing Test HAVE_D3D12_H
-- Performing Test HAVE_D3D12_H - Success
-- Looking for ddraw.h
-- Looking for ddraw.h - found
-- Looking for dsound.h
-- Looking for dsound.h - found
-- Looking for dinput.h
-- Looking for dinput.h - found
-- Looking for dxgi.h
-- Looking for dxgi.h - found
-- Performing Test HAVE_XINPUT_H
-- Performing Test HAVE_XINPUT_H - Success
-- Performing Test HAVE_WINDOWS_GAMING_INPUT_H
-- Performing Test HAVE_WINDOWS_GAMING_INPUT_H - Success
-- Looking for tpcshrd.h
-- Looking for tpcshrd.h - found
-- Looking for roapi.h
-- Looking for roapi.h - found
-- Looking for mmdeviceapi.h
-- Looking for mmdeviceapi.h - found
-- Looking for audioclient.h
-- Looking for audioclient.h - found
-- Looking for sensorsapi.h
-- Looking for sensorsapi.h - found
-- Looking for shellscalingapi.h
-- Looking for shellscalingapi.h - found
CMake Deprecation Warning at CMakeLists.txt:3313 (cmake_minimum_required):
  Compatibility with CMake < 3.10 will be removed from a future version of
  CMake.

  Update the VERSION argument <min> value.  Or, use the <min>...<max> syntax
  to tell CMake that the project requires at least <min> but has been updated
  to work with policies introduced by <max> or earlier.


-- 
-- SDL2 was configured with the following options:
-- 
-- Platform: Windows-10.0.26200
-- 64-bit:   TRUE
-- Compiler: C:/Program Files/Microsoft Visual Studio/18/Community/VC/Tools/MSVC/14.50.35717/bin/Hostx64/x64/cl.exe
-- Revision: SDL-2.32.10-no-vcs
-- 
-- Subsystems:
--   Atomic:	ON
--   Audio:	ON
--   Video:	ON
--   Render:	ON
--   Events:	ON
--   Joystick:	ON
--   Haptic:	ON
--   Hidapi:	ON
--   Power:	ON
--   Threads:	ON
--   Timers:	ON
--   File:	ON
--   Loadso:	ON
--   CPUinfo:	ON
--   Filesystem:	ON
--   Sensor:	ON
--   Locale:	ON
--   Misc:	ON
-- 
-- Options:
--   SDL2_DISABLE_INSTALL        (Wanted: OFF): OFF
--   SDL2_DISABLE_SDL2MAIN       (Wanted: OFF): OFF
--   SDL2_DISABLE_UNINSTALL      (Wanted: OFF): OFF
--   SDL_3DNOW                   (Wanted: OFF): OFF
--   SDL_ALSA                    (Wanted: OFF): OFF
--   SDL_ALSA_SHARED             (Wanted: OFF): OFF
--   SDL_ALTIVEC                 (Wanted: ON): OFF
--   SDL_ARMNEON                 (Wanted: OFF): OFF
--   SDL_ARMSIMD                 (Wanted: OFF): OFF
--   SDL_ARTS                    (Wanted: OFF): OFF
--   SDL_ARTS_SHARED             (Wanted: OFF): OFF
--   SDL_ASAN                    (Wanted: OFF): OFF
--   SDL_ASSEMBLY                (Wanted: ON): OFF
--   SDL_ASSERTIONS              (Wanted: auto): auto
--   SDL_BACKGROUNDING_SIGNAL    (Wanted: OFF): OFF
--   SDL_CCACHE                  (Wanted: ON): OFF
--   SDL_CLOCK_GETTIME           (Wanted: OFF): OFF
--   SDL_COCOA                   (Wanted: OFF): OFF
--   SDL_DBUS                    (Wanted: OFF): OFF
--   SDL_DIRECTFB                (Wanted: OFF): OFF
--   SDL_DIRECTFB_SHARED         (Wanted: OFF): OFF
--   SDL_DIRECTX                 (Wanted: ON): ON
--   SDL_DISKAUDIO               (Wanted: ON): ON
--   SDL_DUMMYAUDIO              (Wanted: ON): ON
--   SDL_DUMMYVIDEO              (Wanted: ON): ON
--   SDL_ESD                     (Wanted: OFF): OFF
--   SDL_ESD_SHARED              (Wanted: OFF): OFF
--   SDL_FOREGROUNDING_SIGNAL    (Wanted: OFF): OFF
--   SDL_FUSIONSOUND             (Wanted: OFF): OFF
--   SDL_FUSIONSOUND_SHARED      (Wanted: OFF): OFF
--   SDL_GCC_ATOMICS             (Wanted: OFF): OFF
--   SDL_HIDAPI                  (Wanted: ON): ON
--   SDL_HIDAPI_JOYSTICK         (Wanted: ON): ON
--   SDL_HIDAPI_LIBUSB           (Wanted: OFF): OFF
--   SDL_IBUS                    (Wanted: OFF): OFF
--   SDL_INSTALL_TESTS           (Wanted: OFF): OFF
--   SDL_JACK                    (Wanted: OFF): OFF
--   SDL_JACK_SHARED             (Wanted: OFF): OFF
--   SDL_KMSDRM                  (Wanted: OFF): OFF
--   SDL_KMSDRM_SHARED           (Wanted: OFF): OFF
--   SDL_LASX                    (Wanted: OFF): OFF
--   SDL_LIBC                    (Wanted: ON): ON
--   SDL_LIBICONV                (Wanted: OFF): OFF
--   SDL_LIBSAMPLERATE           (Wanted: OFF): OFF
--   SDL_LIBSAMPLERATE_SHARED    (Wanted: OFF): OFF
--   SDL_LIBUDEV                 (Wanted: ON): OFF
--   SDL_LSX                     (Wanted: OFF): OFF
--   SDL_METAL                   (Wanted: OFF): OFF
--   SDL_MMX                     (Wanted: ON): OFF
--   SDL_NAS                     (Wanted: OFF): OFF
--   SDL_NAS_SHARED              (Wanted: OFF): OFF
--   SDL_OFFSCREEN               (Wanted: ON): ON
--   SDL_OPENGL                  (Wanted: ON): ON
--   SDL_OPENGLES                (Wanted: ON): ON
--   SDL_OSS                     (Wanted: OFF): OFF
--   SDL_PIPEWIRE                (Wanted: OFF): OFF
--   SDL_PIPEWIRE_SHARED         (Wanted: OFF): OFF
--   SDL_PTHREADS                (Wanted: OFF): OFF
--   SDL_PTHREADS_SEM            (Wanted: OFF): OFF
--   SDL_PULSEAUDIO              (Wanted: OFF): OFF
--   SDL_PULSEAUDIO_SHARED       (Wanted: OFF): OFF
--   SDL_RENDER_D3D              (Wanted: ON): ON
--   SDL_RENDER_METAL            (Wanted: OFF): OFF
--   SDL_RPATH                   (Wanted: OFF): OFF
--   SDL_RPI                     (Wanted: OFF): OFF
--   SDL_SNDIO                   (Wanted: OFF): OFF
--   SDL_SNDIO_SHARED            (Wanted: OFF): OFF
--   SDL_SSE                     (Wanted: ON): ON
--   SDL_SSE2                    (Wanted: ON): ON
--   SDL_SSE3                    (Wanted: ON): ON
--   SDL_SSEMATH                 (Wanted: ON): OFF
--   SDL_STATIC_PIC              (Wanted: OFF): OFF
--   SDL_SYSTEM_ICONV            (Wanted: OFF): OFF
--   SDL_TESTS                   (Wanted: OFF): OFF
--   SDL_VENDOR_INFO             (Wanted: ): OFF
--   SDL_VIRTUAL_JOYSTICK        (Wanted: ON): ON
--   SDL_VIVANTE                 (Wanted: OFF): OFF
--   SDL_VULKAN                  (Wanted: OFF): OFF
--   SDL_WASAPI                  (Wanted: ON): ON
--   SDL_WAYLAND                 (Wanted: OFF): OFF
--   SDL_WAYLAND_LIBDECOR        (Wanted: OFF): OFF
--   SDL_WAYLAND_LIBDECOR_SHARED (Wanted: OFF): OFF
--   SDL_WAYLAND_QT_TOUCH        (Wanted: OFF): OFF
--   SDL_WAYLAND_SHARED          (Wanted: OFF): OFF
--   SDL_X11                     (Wanted: OFF): OFF
--   SDL_X11_SHARED              (Wanted: OFF): OFF
--   SDL_X11_XCURSOR             (Wanted: OFF): OFF
--   SDL_X11_XDBE                (Wanted: OFF): OFF
--   SDL_X11_XFIXES              (Wanted: OFF): OFF
--   SDL_X11_XINPUT              (Wanted: OFF): OFF
--   SDL_X11_XRANDR              (Wanted: OFF): OFF
--   SDL_X11_XSCRNSAVER          (Wanted: OFF): OFF
--   SDL_X11_XSHAPE              (Wanted: OFF): OFF
--   SDL_XINPUT                  (Wanted: ON): ON
-- 
--  CMAKE_C_FLAGS_DEBUG:   /MDd /Z7 /Ob0 /Od /RTC1 
--  CMAKE_CXX_FLAGS_DEBUG: /MDd /Z7 /Ob0 /Od /RTC1 
-- 
--  CFLAGS:         /nologo /DWIN32 /D_WINDOWS /utf-8 /MP 
--  EXTRA_CFLAGS:  
--  EXTRA_LDFLAGS:  
--  EXTRA_LIBS:    kernel32;user32;gdi32;winmm;imm32;ole32;oleaut32;version;uuid;advapi32;setupapi;shell32;dinput8
-- 
--  Build Shared Library: 1
--  Build Static Library: 0
-- 
-- Configuring done (11.1s)
-- Generating done (0.5s)
CMake Warning:
  Manually-specified variables were not used by the project:

    FETCHCONTENT_FULLY_DISCONNECTED
    _VCPKG_ROOT_DIR


-- Build files have been written to: C:/Users/Ondra/Desktop/3D engine/vcpkg_installed/vcpkg/blds/sdl2/x64-windows-dbg
