# CMAKE generated file: DO NOT EDIT!
# Generated by "Ninja" Generator, CMake Version 4.2

# This file contains all the build statements describing the
# compilation DAG.

# =============================================================================
# Write statements declared in CMakeLists.txt:
# 
# Which is the root file.
# =============================================================================

# =============================================================================
# Project: glm
# Configurations: Release
# =============================================================================

#############################################
# Minimal version of Ninja required by this file

ninja_required_version = 1.5


#############################################
# Set configuration variable for custom commands.

CONFIGURATION = Release
# =============================================================================
# Include auxiliary files.


#############################################
# Include rules file.

include CMakeFiles\rules.ninja

# =============================================================================

#############################################
# Logical path to working directory; prefix for absolute paths.

cmake_ninja_workdir = C$:\Users\Ondra\Desktop\3D$ engine\vcpkg_installed\vcpkg\blds\glm\x64-windows-rel\

#############################################
# Utility command for uninstall

build uninstall: phony CMakeFiles\uninstall


#############################################
# Utility command for package

build CMakeFiles\package.util: CUSTOM_COMMAND all
  COMMAND = C:\WINDOWS\system32\cmd.exe /C "cd /D "C:\Users\Ondra\Desktop\3D engine\vcpkg_installed\vcpkg\blds\glm\x64-windows-rel" && "C:\Program Files\Microsoft Visual Studio\18\Community\Common7\IDE\CommonExtensions\Microsoft\CMake\CMake\bin\cpack.exe" --config ./CPackConfig.cmake"
  DESC = Run CPack packaging tool...
  pool = console
  restat = 1

build package: phony CMakeFiles\package.util


#############################################
# Utility command for package_source

build CMakeFiles\package_source.util: CUSTOM_COMMAND
  COMMAND = C:\WINDOWS\system32\cmd.exe /C "cd /D "C:\Users\Ondra\Desktop\3D engine\vcpkg_installed\vcpkg\blds\glm\x64-windows-rel" && "C:\Program Files\Microsoft Visual Studio\18\Community\Common7\IDE\CommonExtensions\Microsoft\CMake\CMake\bin\cpack.exe" --config ./CPackSourceConfig.cmake"
  DESC = Run CPack packaging tool for source...
  pool = console
  restat = 1

build package_source: phony CMakeFiles\package_source.util


#############################################
# Utility command for edit_cache

build CMakeFiles\edit_cache.util: CUSTOM_COMMAND
  COMMAND = C:\WINDOWS\system32\cmd.exe /C "cd /D "C:\Users\Ondra\Desktop\3D engine\vcpkg_installed\vcpkg\blds\glm\x64-windows-rel" && "C:\Program Files\Microsoft Visual Studio\18\Community\Common7\IDE\CommonExtensions\Microsoft\CMake\CMake\bin\cmake.exe" -E echo "No interactive CMake dialog available.""
  DESC = No interactive CMake dialog available...
  restat = 1

build edit_cache: phony CMakeFiles\edit_cache.util


#############################################
# Utility command for rebuild_cache

build CMakeFiles\rebuild_cache.util: CUSTOM_COMMAND
  COMMAND = C:\WINDOWS\system32\cmd.exe /C "cd /D "C:\Users\Ondra\Desktop\3D engine\vcpkg_installed\vcpkg\blds\glm\x64-windows-rel" && "C:\Program Files\Microsoft Visual Studio\18\Community\Common7\IDE\CommonExtensions\Microsoft\CMake\CMake\bin\cmake.exe" --regenerate-during-build -S"C:\Users\Ondra\Desktop\3D engine\vcpkg_installed\vcpkg\blds\glm\src\1.0.3-65552ff9f1.clean" -B"C:\Users\Ondra\Desktop\3D engine\vcpkg_installed\vcpkg\blds\glm\x64-windows-rel""
  DESC = Running CMake to regenerate build system...
  pool = console
  restat = 1

build rebuild_cache: phony CMakeFiles\rebuild_cache.util


#############################################
# Utility command for list_install_components

build list_install_components: phony


#############################################
# Utility command for install

build CMakeFiles\install.util: CUSTOM_COMMAND all
  COMMAND = C:\WINDOWS\system32\cmd.exe /C "cd /D "C:\Users\Ondra\Desktop\3D engine\vcpkg_installed\vcpkg\blds\glm\x64-windows-rel" && "C:\Program Files\Microsoft Visual Studio\18\Community\Common7\IDE\CommonExtensions\Microsoft\CMake\CMake\bin\cmake.exe" -P cmake_install.cmake"
  DESC = Install the project...
  pool = console
  restat = 1

build install: phony CMakeFiles\install.util


#############################################
# Utility command for install/local

build CMakeFiles\install\local.util: CUSTOM_COMMAND all
  COMMAND = C:\WINDOWS\system32\cmd.exe /C "cd /D "C:\Users\Ondra\Desktop\3D engine\vcpkg_installed\vcpkg\blds\glm\x64-windows-rel" && "C:\Program Files\Microsoft Visual Studio\18\Community\Common7\IDE\CommonExtensions\Microsoft\CMake\CMake\bin\cmake.exe" -DCMAKE_INSTALL_LOCAL_ONLY=1 -P cmake_install.cmake"
  DESC = Installing only the local directory...
  pool = console
  restat = 1

build install\local: phony CMakeFiles\install\local.util


#############################################
# Custom command for CMakeFiles\uninstall

build CMakeFiles\uninstall | ${cmake_ninja_workdir}CMakeFiles\uninstall: CUSTOM_COMMAND
  COMMAND = C:\WINDOWS\system32\cmd.exe /C "cd /D "C:\Users\Ondra\Desktop\3D engine\vcpkg_installed\vcpkg\blds\glm\x64-windows-rel" && "C:\Program Files\Microsoft Visual Studio\18\Community\Common7\IDE\CommonExtensions\Microsoft\CMake\CMake\bin\cmake.exe" -P "C:/Users/Ondra/Desktop/3D engine/vcpkg_installed/vcpkg/blds/glm/x64-windows-rel/cmake_uninstall.cmake""

# =============================================================================
# Write statements declared in CMakeLists.txt:
# C:/Users/Ondra/Desktop/3D engine/vcpkg_installed/vcpkg/blds/glm/src/1.0.3-65552ff9f1.clean/CMakeLists.txt
# =============================================================================

# =============================================================================
# Object build statements for STATIC_LIBRARY target glm


#############################################
# Order-only phony target for glm

build cmake_object_order_depends_target_glm: phony || .

build glm\CMakeFiles\glm.dir\detail\glm.cpp.obj: CXX_COMPILER__glm_unscanned_Release C$:\Users\Ondra\Desktop\3D$ engine\vcpkg_installed\vcpkg\blds\glm\src\1.0.3-65552ff9f1.clean\glm\detail\glm.cpp || cmake_object_order_depends_target_glm
  CONFIG = Release
  FLAGS = /nologo /DWIN32 /D_WINDOWS /utf-8 /GR /EHsc /MP  /MD /O2 /Oi /Gy /DNDEBUG /Z7  /Za /fp:precise
  INCLUDES = -I"C:\Users\Ondra\Desktop\3D engine\vcpkg_installed\vcpkg\blds\glm\src\1.0.3-65552ff9f1.clean"
  OBJECT_DIR = glm\CMakeFiles\glm.dir
  OBJECT_FILE_DIR = glm\CMakeFiles\glm.dir\detail
  TARGET_COMPILE_PDB = glm\CMakeFiles\glm.dir\glm.pdb
  TARGET_PDB = glm\glm.pdb
  TARGET_SUPPORT_DIR = glm\CMakeFiles\glm.dir


# =============================================================================
# Link build statements for STATIC_LIBRARY target glm


#############################################
# Link the static library glm\glm.lib

build glm\glm.lib: CXX_STATIC_LIBRARY_LINKER__glm_Release glm\CMakeFiles\glm.dir\detail\glm.cpp.obj
  CONFIG = Release
  LANGUAGE_COMPILE_FLAGS = /nologo /DWIN32 /D_WINDOWS /utf-8 /GR /EHsc /MP  /MD /O2 /Oi /Gy /DNDEBUG /Z7
  LINK_FLAGS = /machine:x64 /nologo
  OBJECT_DIR = glm\CMakeFiles\glm.dir
  POST_BUILD = cd .
  PRE_LINK = cd .
  TARGET_COMPILE_PDB = glm\CMakeFiles\glm.dir\glm.pdb
  TARGET_FILE = glm\glm.lib
  TARGET_PDB = glm\glm.pdb
  TARGET_SUPPORT_DIR = glm\CMakeFiles\glm.dir


#############################################
# Utility command for package

build glm\CMakeFiles\package.util: CUSTOM_COMMAND glm\all
  COMMAND = C:\WINDOWS\system32\cmd.exe /C "cd /D "C:\Users\Ondra\Desktop\3D engine\vcpkg_installed\vcpkg\blds\glm\x64-windows-rel" && "C:\Program Files\Microsoft Visual Studio\18\Community\Common7\IDE\CommonExtensions\Microsoft\CMake\CMake\bin\cpack.exe" --config ./CPackConfig.cmake"
  DESC = Run CPack packaging tool...
  pool = console
  restat = 1

build glm\package: phony glm\CMakeFiles\package.util


#############################################
# Utility command for package_source

build glm\CMakeFiles\package_source.util: CUSTOM_COMMAND
  COMMAND = C:\WINDOWS\system32\cmd.exe /C "cd /D "C:\Users\Ondra\Desktop\3D engine\vcpkg_installed\vcpkg\blds\glm\x64-windows-rel" && "C:\Program Files\Microsoft Visual Studio\18\Community\Common7\IDE\CommonExtensions\Microsoft\CMake\CMake\bin\cpack.exe" --config ./CPackSourceConfig.cmake"
  DESC = Run CPack packaging tool for source...
  pool = console
  restat = 1

build glm\package_source: phony glm\CMakeFiles\package_source.util


#############################################
# Utility command for edit_cache

build glm\CMakeFiles\edit_cache.util: CUSTOM_COMMAND
  COMMAND = C:\WINDOWS\system32\cmd.exe /C "cd /D "C:\Users\Ondra\Desktop\3D engine\vcpkg_installed\vcpkg\blds\glm\x64-windows-rel\glm" && "C:\Program Files\Microsoft Visual Studio\18\Community\Common7\IDE\CommonExtensions\Microsoft\CMake\CMake\bin\cmake.exe" -E echo "No interactive CMake dialog available.""
  DESC = No interactive CMake dialog available...
  restat = 1

build glm\edit_cache: phony glm\CMakeFiles\edit_cache.util


#############################################
# Utility command for rebuild_cache

build glm\CMakeFiles\rebuild_cache.util: CUSTOM_COMMAND
  COMMAND = C:\WINDOWS\system32\cmd.exe /C "cd /D "C:\Users\Ondra\Desktop\3D engine\vcpkg_installed\vcpkg\blds\glm\x64-windows-rel\glm" && "C:\Program Files\Microsoft Visual Studio\18\Community\Common7\IDE\CommonExtensions\Microsoft\CMake\CMake\bin\cmake.exe" --regenerate-during-build -S"C:\Users\Ondra\Desktop\3D engine\vcpkg_installed\vcpkg\blds\glm\src\1.0.3-65552ff9f1.clean" -B"C:\Users\Ondra\Desktop\3D engine\vcpkg_installed\vcpkg\blds\glm\x64-windows-rel""
  DESC = Running CMake to regenerate build system...
  pool = console
  restat = 1

build glm\rebuild_cache: phony glm\CMakeFiles\rebuild_cache.util


#############################################
# Utility command for list_install_components

build glm\list_install_components: phony


#############################################
# Utility command for install

build glm\CMakeFiles\install.util: CUSTOM_COMMAND glm\all
  COMMAND = C:\WINDOWS\system32\cmd.exe /C "cd /D "C:\Users\Ondra\Desktop\3D engine\vcpkg_installed\vcpkg\blds\glm\x64-windows-rel\glm" && "C:\Program Files\Microsoft Visual Studio\18\Community\Common7\IDE\CommonExtensions\Microsoft\CMake\CMake\bin\cmake.exe" -P cmake_install.cmake"
  DESC = Install the project...
  pool = console
  restat = 1

build glm\install: phony glm\CMakeFiles\install.util


#############################################
# Utility command for install/local

build glm\CMakeFiles\install\local.util: CUSTOM_COMMAND glm\all
  COMMAND = C:\WINDOWS\system32\cmd.exe /C "cd /D "C:\Users\Ondra\Desktop\3D engine\vcpkg_installed\vcpkg\blds\glm\x64-windows-rel\glm" && "C:\Program Files\Microsoft Visual Studio\18\Community\Common7\IDE\CommonExtensions\Microsoft\CMake\CMake\bin\cmake.exe" -DCMAKE_INSTALL_LOCAL_ONLY=1 -P cmake_install.cmake"
  DESC = Installing only the local directory...
  pool = console
  restat = 1

build glm\install\local: phony glm\CMakeFiles\install\local.util

# =============================================================================
# Target aliases.

build glm: phony glm\glm.lib

build glm.lib: phony glm\glm.lib

# =============================================================================
# Folder targets.

# =============================================================================

#############################################
# Folder: C:/Users/Ondra/Desktop/3D engine/vcpkg_installed/vcpkg/blds/glm/x64-windows-rel

build all: phony glm\all

# =============================================================================

#############################################
# Folder: C:/Users/Ondra/Desktop/3D engine/vcpkg_installed/vcpkg/blds/glm/x64-windows-rel/glm

build glm\all: phony glm\glm.lib

# =============================================================================
# Built-in targets


#############################################
# Re-run CMake if any of its inputs changed.

build build.ninja C$:\Users\Ondra\Desktop\3D$ engine\vcpkg_installed\vcpkg\blds\glm\x64-windows-rel\cmake_install.cmake C$:\Users\Ondra\Desktop\3D$ engine\vcpkg_installed\vcpkg\blds\glm\x64-windows-rel\glm\cmake_install.cmake: RERUN_CMAKE | C$:\Program$ Files\Microsoft$ Visual$ Studio\18\Community\Common7\IDE\CommonExtensions\Microsoft\CMake\CMake\share\cmake-4.2\Modules\BasicConfigVersion-AnyNewerVersion.cmake.in C$:\Program$ Files\Microsoft$ Visual$ Studio\18\Community\Common7\IDE\CommonExtensions\Microsoft\CMake\CMake\share\cmake-4.2\Modules\CMakeCXXCompiler.cmake.in C$:\Program$ Files\Microsoft$ Visual$ Studio\18\Community\Common7\IDE\CommonExtensions\Microsoft\CMake\CMake\share\cmake-4.2\Modules\CMakeCXXCompilerABI.cpp C$:\Program$ Files\Microsoft$ Visual$ Studio\18\Community\Common7\IDE\CommonExtensions\Microsoft\CMake\CMake\share\cmake-4.2\Modules\CMakeCXXInformation.cmake C$:\Program$ Files\Microsoft$ Visual$ Studio\18\Community\Common7\IDE\CommonExtensions\Microsoft\CMake\CMake\share\cmake-4.2\Modules\CMakeCommonLanguageInclude.cmake C$:\Program$ Files\Microsoft$ Visual$ Studio\18\Community\Common7\IDE\CommonExtensions\Microsoft\CMake\CMake\share\cmake-4.2\Modules\CMakeCompilerIdDetection.cmake C$:\Program$ Files\Microsoft$ Visual$ Studio\18\Community\Common7\IDE\CommonExtensions\Microsoft\CMake\CMake\share\cmake-4.2\Modules\CMakeDependentOption.cmake C$:\Program$ Files\Microsoft$ Visual$ Studio\18\Community\Common7\IDE\CommonExtensions\Microsoft\CMake\CMake\share\cmake-4.2\Modules\CMakeDetermineCXXCompiler.cmake C$:\Program$ Files\Microsoft$ Visual$ Studio\18\Community\Common7\IDE\CommonExtensions\Microsoft\CMake\CMake\share\cmake-4.2\Modules\CMakeDetermineCompiler.cmake C$:\Program$ Files\Microsoft$ Visual$ Studio\18\Community\Common7\IDE\CommonExtensions\Microsoft\CMake\CMake\share\cmake-4.2\Modules\CMakeDetermineCompilerABI.cmake C$:\Program$ Files\Microsoft$ Visual$ Studio\18\Community\Common7\IDE\CommonExtensions\Microsoft\CMake\CMake\share\cmake-4.2\Modules\CMakeDetermineCompilerId.cmake C$:\Program$ Files\Microsoft$ Visual$ Studio\18\Community\Common7\IDE\CommonExtensions\Microsoft\CMake\CMake\share\cmake-4.2\Modules\CMakeDetermineCompilerSupport.cmake C$:\Program$ Files\Microsoft$ Visual$ Studio\18\Community\Common7\IDE\CommonExtensions\Microsoft\CMake\CMake\share\cmake-4.2\Modules\CMakeDetermineRCCompiler.cmake C$:\Program$ Files\Microsoft$ Visual$ Studio\18\Community\Common7\IDE\CommonExtensions\Microsoft\CMake\CMake\share\cmake-4.2\Modules\CMakeDetermineSystem.cmake C$:\Program$ Files\Microsoft$ Visual$ Studio\18\Community\Common7\IDE\CommonExtensions\Microsoft\CMake\CMake\share\cmake-4.2\Modules\CMakeFindBinUtils.cmake C$:\Program$ Files\Microsoft$ Visual$ Studio\18\Community\Common7\IDE\CommonExtensions\Microsoft\CMake\CMake\share\cmake-4.2\Modules\CMakeGenericSystem.cmake C$:\Program$ Files\Microsoft$ Visual$ Studio\18\Community\Common7\IDE\CommonExtensions\Microsoft\CMake\CMake\share\cmake-4.2\Modules\CMakeInitializeConfigs.cmake C$:\Program$ Files\Microsoft$ Visual$ Studio\18\Community\Common7\IDE\CommonExtensions\Microsoft\CMake\CMake\share\cmake-4.2\Modules\CMakeLanguageInformation.cmake C$:\Program$ Files\Microsoft$ Visual$ Studio\18\Community\Common7\IDE\CommonExtensions\Microsoft\CMake\CMake\share\cmake-4.2\Modules\CMakePackageConfigHelpers.cmake C$:\Program$ Files\Microsoft$ Visual$ Studio\18\Community\Common7\IDE\CommonExtensions\Microsoft\CMake\CMake\share\cmake-4.2\Modules\CMakeParseImplicitIncludeInfo.cmake C$:\Program$ Files\Microsoft$ Visual$ Studio\18\Community\Common7\IDE\CommonExtensions\Microsoft\CMake\CMake\share\cmake-4.2\Modules\CMakeParseImplicitLinkInfo.cmake C$:\Program$ Files\Microsoft$ Visual$ Studio\18\Community\Common7\IDE\CommonExtensions\Microsoft\CMake\CMake\share\cmake-4.2\Modules\CMakeParseLibraryArchitecture.cmake C$:\Program$ Files\Microsoft$ Visual$ Studio\18\Community\Common7\IDE\CommonExtensions\Microsoft\CMake\CMake\share\cmake-4.2\Modules\CMakeRCCompiler.cmake.in C$:\Program$ Files\Microsoft$ Visual$ Studio\18\Community\Common7\IDE\CommonExtensions\Microsoft\CMake\CMake\share\cmake-4.2\Modules\CMakeRCInformation.cmake C$:\Program$ Files\Microsoft$ Visual$ Studio\18\Community\Common7\IDE\CommonExtensions\Microsoft\CMake\CMake\share\cmake-4.2\Modules\CMakeSystem.cmake.in C$:\Program$ Files\Microsoft$ Visual$ Studio\18\Community\Common7\IDE\CommonExtensions\Microsoft\CMake\CMake\share\cmake-4.2\Modules\CMakeSystemSpecificInformation.cmake C$:\Program$ Files\Microsoft$ Visual$ Studio\18\Community\Common7\IDE\CommonExtensions\Microsoft\CMake\CMake\share\cmake-4.2\Modules\CMakeSystemSpecificInitialize.cmake C$:\Program$ Files\Microsoft$ Visual$ Studio\18\Community\Common7\IDE\CommonExtensions\Microsoft\CMake\CMake\share\cmake-4.2\Modules\CMakeTestCXXCompiler.cmake C$:\Program$ Files\Microsoft$ Visual$ Studio\18\Community\Common7\IDE\CommonExtensions\Microsoft\CMake\CMake\share\cmake-4.2\Modules\CMakeTestCompilerCommon.cmake C$:\Program$ Files\Microsoft$ Visual$ Studio\18\Community\Common7\IDE\CommonExtensions\Microsoft\CMake\CMake\share\cmake-4.2\Modules\CMakeTestRCCompiler.cmake C$:\Program$ Files\Microsoft$ Visual$ Studio\18\Community\Common7\IDE\CommonExtensions\Microsoft\CMake\CMake\share\cmake-4.2\Modules\CPack.cmake C$:\Program$ Files\Microsoft$ Visual$ Studio\18\Community\Common7\IDE\CommonExtensions\Microsoft\CMake\CMake\share\cmake-4.2\Modules\CPackComponent.cmake C$:\Program$ Files\Microsoft$ Visual$ Studio\18\Community\Common7\IDE\CommonExtensions\Microsoft\CMake\CMake\share\cmake-4.2\Modules\Compiler\ADSP-DetermineCompiler.cmake C$:\Program$ Files\Microsoft$ Visual$ Studio\18\Community\Common7\IDE\CommonExtensions\Microsoft\CMake\CMake\share\cmake-4.2\Modules\Compiler\ARMCC-DetermineCompiler.cmake C$:\Program$ Files\Microsoft$ Visual$ Studio\18\Community\Common7\IDE\CommonExtensions\Microsoft\CMake\CMake\share\cmake-4.2\Modules\Compiler\ARMClang-DetermineCompiler.cmake C$:\Program$ Files\Microsoft$ Visual$ Studio\18\Community\Common7\IDE\CommonExtensions\Microsoft\CMake\CMake\share\cmake-4.2\Modules\Compiler\AppleClang-DetermineCompiler.cmake C$:\Program$ Files\Microsoft$ Visual$ Studio\18\Community\Common7\IDE\CommonExtensions\Microsoft\CMake\CMake\share\cmake-4.2\Modules\Compiler\Borland-DetermineCompiler.cmake C$:\Program$ Files\Microsoft$ Visual$ Studio\18\Community\Common7\IDE\CommonExtensions\Microsoft\CMake\CMake\share\cmake-4.2\Modules\Compiler\CMakeCommonCompilerMacros.cmake C$:\Program$ Files\Microsoft$ Visual$ Studio\18\Community\Common7\IDE\CommonExtensions\Microsoft\CMake\CMake\share\cmake-4.2\Modules\Compiler\Clang-DetermineCompiler.cmake C$:\Program$ Files\Microsoft$ Visual$ Studio\18\Community\Common7\IDE\CommonExtensions\Microsoft\CMake\CMake\share\cmake-4.2\Modules\Compiler\Clang-DetermineCompilerInternal.cmake C$:\Program$ Files\Microsoft$ Visual$ Studio\18\Community\Common7\IDE\CommonExtensions\Microsoft\CMake\CMake\share\cmake-4.2\Modules\Compiler\Compaq-CXX-DetermineCompiler.cmake C$:\Program$ Files\Microsoft$ Visual$ Studio\18\Community\Common7\IDE\CommonExtensions\Microsoft\CMake\CMake\share\cmake-4.2\Modules\Compiler\Cray-DetermineCompiler.cmake C$:\Program$ Files\Microsoft$ Visual$ Studio\18\Community\Common7\IDE\CommonExtensions\Microsoft\CMake\CMake\share\cmake-4.2\Modules\Compiler\CrayClang-DetermineCompiler.cmake C$:\Program$ Files\Microsoft$ Visual$ Studio\18\Community\Common7\IDE\CommonExtensions\Microsoft\CMake\CMake\share\cmake-4.2\Modules\Compiler\Diab-DetermineCompiler.cmake C$:\Program$ Files\Microsoft$ Visual$ Studio\18\Community\Common7\IDE\CommonExtensions\Microsoft\CMake\CMake\share\cmake-4.2\Modules\Compiler\Embarcadero-DetermineCompiler.cmake C$:\Program$ Files\Microsoft$ Visual$ Studio\18\Community\Common7\IDE\CommonExtensions\Microsoft\CMake\CMake\share\cmake-4.2\Modules\Compiler\Fujitsu-DetermineCompiler.cmake C$:\Program$ Files\Microsoft$ Visual$ Studio\18\Community\Common7\IDE\CommonExtensions\Microsoft\CMake\CMake\share\cmake-4.2\Modules\Compiler\FujitsuClang-DetermineCompiler.cmake C$:\Program$ Files\Microsoft$ Visual$ Studio\18\Community\Common7\IDE\CommonExtensions\Microsoft\CMake\CMake\share\cmake-4.2\Modules\Compiler\GHS-DetermineCompiler.cmake C$:\Program$ Files\Microsoft$ Visual$ Studio\18\Community\Common7\IDE\CommonExtensions\Microsoft\CMake\CMake\share\cmake-4.2\Modules\Compiler\GNU-CXX-DetermineCompiler.cmake C$:\Program$ Files\Microsoft$ Visual$ Studio\18\Community\Common7\IDE\CommonExtensions\Microsoft\CMake\CMake\share\cmake-4.2\Modules\Compiler\HP-CXX-DetermineCompiler.cmake C$:\Program$ Files\Microsoft$ Visual$ Studio\18\Community\Common7\IDE\CommonExtensions\Microsoft\CMake\CMake\share\cmake-4.2\Modules\Compiler\IAR-DetermineCompiler.cmake C$:\Program$ Files\Microsoft$ Visual$ Studio\18\Community\Common7\IDE\CommonExtensions\Microsoft\CMake\CMake\share\cmake-4.2\Modules\Compiler\IBMCPP-CXX-DetermineVersionInternal.cmake C$:\Program$ Files\Microsoft$ Visual$ Studio\18\Community\Common7\IDE\CommonExtensions\Microsoft\CMake\CMake\share\cmake-4.2\Modules\Compiler\IBMClang-CXX-DetermineCompiler.cmake C$:\Program$ Files\Microsoft$ Visual$ Studio\18\Community\Common7\IDE\CommonExtensions\Microsoft\CMake\CMake\share\cmake-4.2\Modules\Compiler\Intel-DetermineCompiler.cmake C$:\Program$ Files\Microsoft$ Visual$ Studio\18\Community\Common7\IDE\CommonExtensions\Microsoft\CMake\CMake\share\cmake-4.2\Modules\Compiler\IntelLLVM-DetermineCompiler.cmake C$:\Program$ Files\Microsoft$ Visual$ Studio\18\Community\Common7\IDE\CommonExtensions\Microsoft\CMake\CMake\share\cmake-4.2\Modules\Compiler\LCC-CXX-DetermineCompiler.cmake C$:\Program$ Files\Microsoft$ Visual$ Studio\18\Community\Common7\IDE\CommonExtensions\Microsoft\CMake\CMake\share\cmake-4.2\Modules\Compiler\MSVC-CXX-CXXImportStd.cmake C$:\Program$ Files\Microsoft$ Visual$ Studio\18\Community\Common7\IDE\CommonExtensions\Microsoft\CMake\CMake\share\cmake-4.2\Modules\Compiler\MSVC-CXX.cmake C$:\Program$ Files\Microsoft$ Visual$ Studio\18\Community\Common7\IDE\CommonExtensions\Microsoft\CMake\CMake\share\cmake-4.2\Modules\Compiler\MSVC-DetermineCompiler.cmake C$:\Program$ Files\Microsoft$ Visual$ Studio\18\Community\Common7\IDE\CommonExtensions\Microsoft\CMake\CMake\share\cmake-4.2\Modules\Compiler\MSVC.cmake C$:\Program$ Files\Microsoft$ Visual$ Studio\18\Community\Common7\IDE\CommonExtensions\Microsoft\CMake\CMake\share\cmake-4.2\Modules\Compiler\NVHPC-DetermineCompiler.cmake C$:\Program$ Files\Microsoft$ Visual$ Studio\18\Community\Common7\IDE\CommonExtensions\Microsoft\CMake\CMake\share\cmake-4.2\Modules\Compiler\NVIDIA-DetermineCompiler.cmake C$:\Program$ Files\Microsoft$ Visual$ Studio\18\Community\Common7\IDE\CommonExtensions\Microsoft\CMake\CMake\share\cmake-4.2\Modules\Compiler\OpenWatcom-DetermineCompiler.cmake C$:\Program$ Files\Microsoft$ Visual$ Studio\18\Community\Common7\IDE\CommonExtensions\Microsoft\CMake\CMake\share\cmake-4.2\Modules\Compiler\OrangeC-DetermineCompiler.cmake C$:\Program$ Files\Microsoft$ Visual$ Studio\18\Community\Common7\IDE\CommonExtensions\Microsoft\CMake\CMake\share\cmake-4.2\Modules\Compiler\PGI-DetermineCompiler.cmake C$:\Program$ Files\Microsoft$ Visual$ Studio\18\Community\Common7\IDE\CommonExtensions\Microsoft\CMake\CMake\share\cmake-4.2\Modules\Compiler\PathScale-DetermineCompiler.cmake C$:\Program$ Files\Microsoft$ Visual$ Studio\18\Community\Common7\IDE\CommonExtensions\Microsoft\CMake\CMake\share\cmake-4.2\Modules\Compiler\Renesas-DetermineCompiler.cmake C$:\Program$ Files\Microsoft$ Visual$ Studio\18\Community\Common7\IDE\CommonExtensions\Microsoft\CMake\CMake\share\cmake-4.2\Modules\Compiler\SCO-DetermineCompiler.cmake C$:\Program$ Files\Microsoft$ Visual$ Studio\18\Community\Common7\IDE\CommonExtensions\Microsoft\CMake\CMake\share\cmake-4.2\Modules\Compiler\SunPro-CXX-DetermineCompiler.cmake C$:\Program$ Files\Microsoft$ Visual$ Studio\18\Community\Common7\IDE\CommonExtensions\Microsoft\CMake\CMake\share\cmake-4.2\Modules\Compiler\TI-DetermineCompiler.cmake C$:\Program$ Files\Microsoft$ Visual$ Studio\18\Community\Common7\IDE\CommonExtensions\Microsoft\CMake\CMake\share\cmake-4.2\Modules\Compiler\TIClang-DetermineCompiler.cmake C$:\Program$ Files\Microsoft$ Visual$ Studio\18\Community\Common7\IDE\CommonExtensions\Microsoft\CMake\CMake\share\cmake-4.2\Modules\Compiler\Tasking-DetermineCompiler.cmake C$:\Program$ Files\Microsoft$ Visual$ Studio\18\Community\Common7\IDE\CommonExtensions\Microsoft\CMake\CMake\share\cmake-4.2\Modules\Compiler\VisualAge-CXX-DetermineCompiler.cmake C$:\Program$ Files\Microsoft$ Visual$ Studio\18\Community\Common7\IDE\CommonExtensions\Microsoft\CMake\CMake\share\cmake-4.2\Modules\Compiler\Watcom-DetermineCompiler.cmake C$:\Program$ Files\Microsoft$ Visual$ Studio\18\Community\Common7\IDE\CommonExtensions\Microsoft\CMake\CMake\share\cmake-4.2\Modules\Compiler\XL-CXX-DetermineCompiler.cmake C$:\Program$ Files\Microsoft$ Visual$ Studio\18\Community\Common7\IDE\CommonExtensions\Microsoft\CMake\CMake\share\cmake-4.2\Modules\Compiler\XLClang-CXX-DetermineCompiler.cmake C$:\Program$ Files\Microsoft$ Visual$ Studio\18\Community\Common7\IDE\CommonExtensions\Microsoft\CMake\CMake\share\cmake-4.2\Modules\Compiler\zOS-CXX-DetermineCompiler.cmake C$:\Program$ Files\Microsoft$ Visual$ Studio\18\Community\Common7\IDE\CommonExtensions\Microsoft\CMake\CMake\share\cmake-4.2\Modules\GNUInstallDirs.cmake C$:\Program$ Files\Microsoft$ Visual$ Studio\18\Community\Common7\IDE\CommonExtensions\Microsoft\CMake\CMake\share\cmake-4.2\Modules\Internal\CMakeCXXLinkerInformation.cmake C$:\Program$ Files\Microsoft$ Visual$ Studio\18\Community\Common7\IDE\CommonExtensions\Microsoft\CMake\CMake\share\cmake-4.2\Modules\Internal\CMakeCommonLinkerInformation.cmake C$:\Program$ Files\Microsoft$ Visual$ Studio\18\Community\Common7\IDE\CommonExtensions\Microsoft\CMake\CMake\share\cmake-4.2\Modules\Internal\CMakeDetermineLinkerId.cmake C$:\Program$ Files\Microsoft$ Visual$ Studio\18\Community\Common7\IDE\CommonExtensions\Microsoft\CMake\CMake\share\cmake-4.2\Modules\Internal\CMakeInspectCXXLinker.cmake C$:\Program$ Files\Microsoft$ Visual$ Studio\18\Community\Common7\IDE\CommonExtensions\Microsoft\CMake\CMake\share\cmake-4.2\Modules\Internal\FeatureTesting.cmake C$:\Program$ Files\Microsoft$ Visual$ Studio\18\Community\Common7\IDE\CommonExtensions\Microsoft\CMake\CMake\share\cmake-4.2\Modules\Linker\MSVC-CXX.cmake C$:\Program$ Files\Microsoft$ Visual$ Studio\18\Community\Common7\IDE\CommonExtensions\Microsoft\CMake\CMake\share\cmake-4.2\Modules\Linker\MSVC.cmake C$:\Program$ Files\Microsoft$ Visual$ Studio\18\Community\Common7\IDE\CommonExtensions\Microsoft\CMake\CMake\share\cmake-4.2\Modules\Platform\Linker\Windows-MSVC-CXX.cmake C$:\Program$ Files\Microsoft$ Visual$ Studio\18\Community\Common7\IDE\CommonExtensions\Microsoft\CMake\CMake\share\cmake-4.2\Modules\Platform\Linker\Windows-MSVC.cmake C$:\Program$ Files\Microsoft$ Visual$ Studio\18\Community\Common7\IDE\CommonExtensions\Microsoft\CMake\CMake\share\cmake-4.2\Modules\Platform\Windows-Determine-CXX.cmake C$:\Program$ Files\Microsoft$ Visual$ Studio\18\Community\Common7\IDE\CommonExtensions\Microsoft\CMake\CMake\share\cmake-4.2\Modules\Platform\Windows-Initialize.cmake C$:\Program$ Files\Microsoft$ Visual$ Studio\18\Community\Common7\IDE\CommonExtensions\Microsoft\CMake\CMake\share\cmake-4.2\Modules\Platform\Windows-MSVC-CXX.cmake C$:\Program$ Files\Microsoft$ Visual$ Studio\18\Community\Common7\IDE\CommonExtensions\Microsoft\CMake\CMake\share\cmake-4.2\Modules\Platform\Windows-MSVC.cmake C$:\Program$ Files\Microsoft$ Visual$ Studio\18\Community\Common7\IDE\CommonExtensions\Microsoft\CMake\CMake\share\cmake-4.2\Modules\Platform\Windows.cmake C$:\Program$ Files\Microsoft$ Visual$ Studio\18\Community\Common7\IDE\CommonExtensions\Microsoft\CMake\CMake\share\cmake-4.2\Modules\Platform\WindowsPaths.cmake C$:\Program$ Files\Microsoft$ Visual$ Studio\18\Community\Common7\IDE\CommonExtensions\Microsoft\CMake\CMake\share\cmake-4.2\Modules\WriteBasicConfigVersionFile.cmake C$:\Program$ Files\Microsoft$ Visual$ Studio\18\Community\Common7\IDE\CommonExtensions\Microsoft\CMake\CMake\share\cmake-4.2\Templates\CPackConfig.cmake.in C$:\Program$ Files\Microsoft$ Visual$ Studio\18\Community\VC\vcpkg\scripts\buildsystems\vcpkg.cmake C$:\Program$ Files\Microsoft$ Visual$ Studio\18\Community\VC\vcpkg\scripts\toolchains\windows.cmake C$:\Users\Ondra\Desktop\3D$ engine\vcpkg_installed\vcpkg\blds\glm\src\1.0.3-65552ff9f1.clean\CMakeLists.txt C$:\Users\Ondra\Desktop\3D$ engine\vcpkg_installed\vcpkg\blds\glm\src\1.0.3-65552ff9f1.clean\cmake\cmake_uninstall.cmake.in C$:\Users\Ondra\Desktop\3D$ engine\vcpkg_installed\vcpkg\blds\glm\src\1.0.3-65552ff9f1.clean\glm\CMakeLists.txt CMakeCache.txt CMakeFiles\4.2.3-msvc3\CMakeCXXCompiler.cmake CMakeFiles\4.2.3-msvc3\CMakeRCCompiler.cmake CMakeFiles\4.2.3-msvc3\CMakeSystem.cmake
  pool = console


#############################################
# A missing CMake input file is not an error.

build C$:\Program$ Files\Microsoft$ Visual$ Studio\18\Community\Common7\IDE\CommonExtensions\Microsoft\CMake\CMake\share\cmake-4.2\Modules\BasicConfigVersion-AnyNewerVersion.cmake.in C$:\Program$ Files\Microsoft$ Visual$ Studio\18\Community\Common7\IDE\CommonExtensions\Microsoft\CMake\CMake\share\cmake-4.2\Modules\CMakeCXXCompiler.cmake.in C$:\Program$ Files\Microsoft$ Visual$ Studio\18\Community\Common7\IDE\CommonExtensions\Microsoft\CMake\CMake\share\cmake-4.2\Modules\CMakeCXXCompilerABI.cpp C$:\Program$ Files\Microsoft$ Visual$ Studio\18\Community\Common7\IDE\CommonExtensions\Microsoft\CMake\CMake\share\cmake-4.2\Modules\CMakeCXXInformation.cmake C$:\Program$ Files\Microsoft$ Visual$ Studio\18\Community\Common7\IDE\CommonExtensions\Microsoft\CMake\CMake\share\cmake-4.2\Modules\CMakeCommonLanguageInclude.cmake C$:\Program$ Files\Microsoft$ Visual$ Studio\18\Community\Common7\IDE\CommonExtensions\Microsoft\CMake\CMake\share\cmake-4.2\Modules\CMakeCompilerIdDetection.cmake C$:\Program$ Files\Microsoft$ Visual$ Studio\18\Community\Common7\IDE\CommonExtensions\Microsoft\CMake\CMake\share\cmake-4.2\Modules\CMakeDependentOption.cmake C$:\Program$ Files\Microsoft$ Visual$ Studio\18\Community\Common7\IDE\CommonExtensions\Microsoft\CMake\CMake\share\cmake-4.2\Modules\CMakeDetermineCXXCompiler.cmake C$:\Program$ Files\Microsoft$ Visual$ Studio\18\Community\Common7\IDE\CommonExtensions\Microsoft\CMake\CMake\share\cmake-4.2\Modules\CMakeDetermineCompiler.cmake C$:\Program$ Files\Microsoft$ Visual$ Studio\18\Community\Common7\IDE\CommonExtensions\Microsoft\CMake\CMake\share\cmake-4.2\Modules\CMakeDetermineCompilerABI.cmake C$:\Program$ Files\Microsoft$ Visual$ Studio\18\Community\Common7\IDE\CommonExtensions\Microsoft\CMake\CMake\share\cmake-4.2\Modules\CMakeDetermineCompilerId.cmake C$:\Program$ Files\Microsoft$ Visual$ Studio\18\Community\Common7\IDE\CommonExtensions\Microsoft\CMake\CMake\share\cmake-4.2\Modules\CMakeDetermineCompilerSupport.cmake C$:\Program$ Files\Microsoft$ Visual$ Studio\18\Community\Common7\IDE\CommonExtensions\Microsoft\CMake\CMake\share\cmake-4.2\Modules\CMakeDetermineRCCompiler.cmake C$:\Program$ Files\Microsoft$ Visual$ Studio\18\Community\Common7\IDE\CommonExtensions\Microsoft\CMake\CMake\share\cmake-4.2\Modules\CMakeDetermineSystem.cmake C$:\Program$ Files\Microsoft$ Visual$ Studio\18\Community\Common7\IDE\CommonExtensions\Microsoft\CMake\CMake\share\cmake-4.2\Modules\CMakeFindBinUtils.cmake C$:\Program$ Files\Microsoft$ Visual$ Studio\18\Community\Common7\IDE\CommonExtensions\Microsoft\CMake\CMake\share\cmake-4.2\Modules\CMakeGenericSystem.cmake C$:\Program$ Files\Microsoft$ Visual$ Studio\18\Community\Common7\IDE\CommonExtensions\Microsoft\CMake\CMake\share\cmake-4.2\Modules\CMakeInitializeConfigs.cmake C$:\Program$ Files\Microsoft$ Visual$ Studio\18\Community\Common7\IDE\CommonExtensions\Microsoft\CMake\CMake\share\cmake-4.2\Modules\CMakeLanguageInformation.cmake C$:\Program$ Files\Microsoft$ Visual$ Studio\18\Community\Common7\IDE\CommonExtensions\Microsoft\CMake\CMake\share\cmake-4.2\Modules\CMakePackageConfigHelpers.cmake C$:\Program$ Files\Microsoft$ Visual$ Studio\18\Community\Common7\IDE\CommonExtensions\Microsoft\CMake\CMake\share\cmake-4.2\Modules\CMakeParseImplicitIncludeInfo.cmake C$:\Program$ Files\Microsoft$ Visual$ Studio\18\Community\Common7\IDE\CommonExtensions\Microsoft\CMake\CMake\share\cmake-4.2\Modules\CMakeParseImplicitLinkInfo.cmake C$:\Program$ Files\Microsoft$ Visual$ Studio\18\Community\Common7\IDE\CommonExtensions\Microsoft\CMake\CMake\share\cmake-4.2\Modules\CMakeParseLibraryArchitecture.cmake C$:\Program$ Files\Microsoft$ Visual$ Studio\18\Community\Common7\IDE\CommonExtensions\Microsoft\CMake\CMake\share\cmake-4.2\Modules\CMakeRCCompiler.cmake.in C$:\Program$ Files\Microsoft$ Visual$ Studio\18\Community\Common7\IDE\CommonExtensions\Microsoft\CMake\CMake\share\cmake-4.2\Modules\CMakeRCInformation.cmake C$:\Program$ Files\Microsoft$ Visual$ Studio\18\Community\Common7\IDE\CommonExtensions\Microsoft\CMake\CMake\share\cmake-4.2\Modules\CMakeSystem.cmake.in C$:\Program$ Files\Microsoft$ Visual$ Studio\18\Community\Common7\IDE\CommonExtensions\Microsoft\CMake\CMake\share\cmake-4.2\Modules\CMakeSystemSpecificInformation.cmake C$:\Program$ Files\Microsoft$ Visual$ Studio\18\Community\Common7\IDE\CommonExtensions\Microsoft\CMake\CMake\share\cmake-4.2\Modules\CMakeSystemSpecificInitialize.cmake C$:\Program$ Files\Microsoft$ Visual$ Studio\18\Community\Common7\IDE\CommonExtensions\Microsoft\CMake\CMake\share\cmake-4.2\Modules\CMakeTestCXXCompiler.cmake C$:\Program$ Files\Microsoft$ Visual$ Studio\18\Community\Common7\IDE\CommonExtensions\Microsoft\CMake\CMake\share\cmake-4.2\Modules\CMakeTestCompilerCommon.cmake C$:\Program$ Files\Microsoft$ Visual$ Studio\18\Community\Common7\IDE\CommonExtensions\Microsoft\CMake\CMake\share\cmake-4.2\Modules\CMakeTestRCCompiler.cmake C$:\Program$ Files\Microsoft$ Visual$ Studio\18\Community\Common7\IDE\CommonExtensions\Microsoft\CMake\CMake\share\cmake-4.2\Modules\CPack.cmake C$:\Program$ Files\Microsoft$ Visual$ Studio\18\Community\Common7\IDE\CommonExtensions\Microsoft\CMake\CMake\share\cmake-4.2\Modules\CPackComponent.cmake C$:\Program$ Files\Microsoft$ Visual$ Studio\18\Community\Common7\IDE\CommonExtensions\Microsoft\CMake\CMake\share\cmake-4.2\Modules\Compiler\ADSP-DetermineCompiler.cmake C$:\Program$ Files\Microsoft$ Visual$ Studio\18\Community\Common7\IDE\CommonExtensions\Microsoft\CMake\CMake\share\cmake-4.2\Modules\Compiler\ARMCC-DetermineCompiler.cmake C$:\Program$ Files\Microsoft$ Visual$ Studio\18\Community\Common7\IDE\CommonExtensions\Microsoft\CMake\CMake\share\cmake-4.2\Modules\Compiler\ARMClang-DetermineCompiler.cmake C$:\Program$ Files\Microsoft$ Visual$ Studio\18\Community\Common7\IDE\CommonExtensions\Microsoft\CMake\CMake\share\cmake-4.2\Modules\Compiler\AppleClang-DetermineCompiler.cmake C$:\Program$ Files\Microsoft$ Visual$ Studio\18\Community\Common7\IDE\CommonExtensions\Microsoft\CMake\CMake\share\cmake-4.2\Modules\Compiler\Borland-DetermineCompiler.cmake C$:\Program$ Files\Microsoft$ Visual$ Studio\18\Community\Common7\IDE\CommonExtensions\Microsoft\CMake\CMake\share\cmake-4.2\Modules\Compiler\CMakeCommonCompilerMacros.cmake C$:\Program$ Files\Microsoft$ Visual$ Studio\18\Community\Common7\IDE\CommonExtensions\Microsoft\CMake\CMake\share\cmake-4.2\Modules\Compiler\Clang-DetermineCompiler.cmake C$:\Program$ Files\Microsoft$ Visual$ Studio\18\Community\Common7\IDE\CommonExtensions\Microsoft\CMake\CMake\share\cmake-4.2\Modules\Compiler\Clang-DetermineCompilerInternal.cmake C$:\Program$ Files\Microsoft$ Visual$ Studio\18\Community\Common7\IDE\CommonExtensions\Microsoft\CMake\CMake\share\cmake-4.2\Modules\Compiler\Compaq-CXX-DetermineCompiler.cmake C$:\Program$ Files\Microsoft$ Visual$ Studio\18\Community\Common7\IDE\CommonExtensions\Microsoft\CMake\CMake\share\cmake-4.2\Modules\Compiler\Cray-DetermineCompiler.cmake C$:\Program$ Files\Microsoft$ Visual$ Studio\18\Community\Common7\IDE\CommonExtensions\Microsoft\CMake\CMake\share\cmake-4.2\Modules\Compiler\CrayClang-DetermineCompiler.cmake C$:\Program$ Files\Microsoft$ Visual$ Studio\18\Community\Common7\IDE\CommonExtensions\Microsoft\CMake\CMake\share\cmake-4.2\Modules\Compiler\Diab-DetermineCompiler.cmake C$:\Program$ Files\Microsoft$ Visual$ Studio\18\Community\Common7\IDE\CommonExtensions\Microsoft\CMake\CMake\share\cmake-4.2\Modules\Compiler\Embarcadero-DetermineCompiler.cmake C$:\Program$ Files\Microsoft$ Visual$ Studio\18\Community\Common7\IDE\CommonExtensions\Microsoft\CMake\CMake\share\cmake-4.2\Modules\Compiler\Fujitsu-DetermineCompiler.cmake C$:\Program$ Files\Microsoft$ Visual$ Studio\18\Community\Common7\IDE\CommonExtensions\Microsoft\CMake\CMake\share\cmake-4.2\Modules\Compiler\FujitsuClang-DetermineCompiler.cmake C$:\Program$ Files\Microsoft$ Visual$ Studio\18\Community\Common7\IDE\CommonExtensions\Microsoft\CMake\CMake\share\cmake-4.2\Modules\Compiler\GHS-DetermineCompiler.cmake C$:\Program$ Files\Microsoft$ Visual$ Studio\18\Community\Common7\IDE\CommonExtensions\Microsoft\CMake\CMake\share\cmake-4.2\Modules\Compiler\GNU-CXX-DetermineCompiler.cmake C$:\Program$ Files\Microsoft$ Visual$ Studio\18\Community\Common7\IDE\CommonExtensions\Microsoft\CMake\CMake\share\cmake-4.2\Modules\Compiler\HP-CXX-DetermineCompiler.cmake C$:\Program$ Files\Microsoft$ Visual$ Studio\18\Community\Common7\IDE\CommonExtensions\Microsoft\CMake\CMake\share\cmake-4.2\Modules\Compiler\IAR-DetermineCompiler.cmake C$:\Program$ Files\Microsoft$ Visual$ Studio\18\Community\Common7\IDE\CommonExtensions\Microsoft\CMake\CMake\share\cmake-4.2\Modules\Compiler\IBMCPP-CXX-DetermineVersionInternal.cmake C$:\Program$ Files\Microsoft$ Visual$ Studio\18\Community\Common7\IDE\CommonExtensions\Microsoft\CMake\CMake\share\cmake-4.2\Modules\Compiler\IBMClang-CXX-DetermineCompiler.cmake C$:\Program$ Files\Microsoft$ Visual$ Studio\18\Community\Common7\IDE\CommonExtensions\Microsoft\CMake\CMake\share\cmake-4.2\Modules\Compiler\Intel-DetermineCompiler.cmake C$:\Program$ Files\Microsoft$ Visual$ Studio\18\Community\Common7\IDE\CommonExtensions\Microsoft\CMake\CMake\share\cmake-4.2\Modules\Compiler\IntelLLVM-DetermineCompiler.cmake C$:\Program$ Files\Microsoft$ Visual$ Studio\18\Community\Common7\IDE\CommonExtensions\Microsoft\CMake\CMake\share\cmake-4.2\Modules\Compiler\LCC-CXX-DetermineCompiler.cmake C$:\Program$ Files\Microsoft$ Visual$ Studio\18\Community\Common7\IDE\CommonExtensions\Microsoft\CMake\CMake\share\cmake-4.2\Modules\Compiler\MSVC-CXX-CXXImportStd.cmake C$:\Program$ Files\Microsoft$ Visual$ Studio\18\Community\Common7\IDE\CommonExtensions\Microsoft\CMake\CMake\share\cmake-4.2\Modules\Compiler\MSVC-CXX.cmake C$:\Program$ Files\Microsoft$ Visual$ Studio\18\Community\Common7\IDE\CommonExtensions\Microsoft\CMake\CMake\share\cmake-4.2\Modules\Compiler\MSVC-DetermineCompiler.cmake C$:\Program$ Files\Microsoft$ Visual$ Studio\18\Community\Common7\IDE\CommonExtensions\Microsoft\CMake\CMake\share\cmake-4.2\Modules\Compiler\MSVC.cmake C$:\Program$ Files\Microsoft$ Visual$ Studio\18\Community\Common7\IDE\CommonExtensions\Microsoft\CMake\CMake\share\cmake-4.2\Modules\Compiler\NVHPC-DetermineCompiler.cmake C$:\Program$ Files\Microsoft$ Visual$ Studio\18\Community\Common7\IDE\CommonExtensions\Microsoft\CMake\CMake\share\cmake-4.2\Modules\Compiler\NVIDIA-DetermineCompiler.cmake C$:\Program$ Files\Microsoft$ Visual$ Studio\18\Community\Common7\IDE\CommonExtensions\Microsoft\CMake\CMake\share\cmake-4.2\Modules\Compiler\OpenWatcom-DetermineCompiler.cmake C$:\Program$ Files\Microsoft$ Visual$ Studio\18\Community\Common7\IDE\CommonExtensions\Microsoft\CMake\CMake\share\cmake-4.2\Modules\Compiler\OrangeC-DetermineCompiler.cmake C$:\Program$ Files\Microsoft$ Visual$ Studio\18\Community\Common7\IDE\CommonExtensions\Microsoft\CMake\CMake\share\cmake-4.2\Modules\Compiler\PGI-DetermineCompiler.cmake C$:\Program$ Files\Microsoft$ Visual$ Studio\18\Community\Common7\IDE\CommonExtensions\Microsoft\CMake\CMake\share\cmake-4.2\Modules\Compiler\PathScale-DetermineCompiler.cmake C$:\Program$ Files\Microsoft$ Visual$ Studio\18\Community\Common7\IDE\CommonExtensions\Microsoft\CMake\CMake\share\cmake-4.2\Modules\Compiler\Renesas-DetermineCompiler.cmake C$:\Program$ Files\Microsoft$ Visual$ Studio\18\Community\Common7\IDE\CommonExtensions\Microsoft\CMake\CMake\share\cmake-4.2\Modules\Compiler\SCO-DetermineCompiler.cmake C$:\Program$ Files\Microsoft$ Visual$ Studio\18\Community\Common7\IDE\CommonExtensions\Microsoft\CMake\CMake\share\cmake-4.2\Modules\Compiler\SunPro-CXX-DetermineCompiler.cmake C$:\Program$ Files\Microsoft$ Visual$ Studio\18\Community\Common7\IDE\CommonExtensions\Microsoft\CMake\CMake\share\cmake-4.2\Modules\Compiler\TI-DetermineCompiler.cmake C$:\Program$ Files\Microsoft$ Visual$ Studio\18\Community\Common7\IDE\CommonExtensions\Microsoft\CMake\CMake\share\cmake-4.2\Modules\Compiler\TIClang-DetermineCompiler.cmake C$:\Program$ Files\Microsoft$ Visual$ Studio\18\Community\Common7\IDE\CommonExtensions\Microsoft\CMake\CMake\share\cmake-4.2\Modules\Compiler\Tasking-DetermineCompiler.cmake C$:\Program$ Files\Microsoft$ Visual$ Studio\18\Community\Common7\IDE\CommonExtensions\Microsoft\CMake\CMake\share\cmake-4.2\Modules\Compiler\VisualAge-CXX-DetermineCompiler.cmake C$:\Program$ Files\Microsoft$ Visual$ Studio\18\Community\Common7\IDE\CommonExtensions\Microsoft\CMake\CMake\share\cmake-4.2\Modules\Compiler\Watcom-DetermineCompiler.cmake C$:\Program$ Files\Microsoft$ Visual$ Studio\18\Community\Common7\IDE\CommonExtensions\Microsoft\CMake\CMake\share\cmake-4.2\Modules\Compiler\XL-CXX-DetermineCompiler.cmake C$:\Program$ Files\Microsoft$ Visual$ Studio\18\Community\Common7\IDE\CommonExtensions\Microsoft\CMake\CMake\share\cmake-4.2\Modules\Compiler\XLClang-CXX-DetermineCompiler.cmake C$:\Program$ Files\Microsoft$ Visual$ Studio\18\Community\Common7\IDE\CommonExtensions\Microsoft\CMake\CMake\share\cmake-4.2\Modules\Compiler\zOS-CXX-DetermineCompiler.cmake C$:\Program$ Files\Microsoft$ Visual$ Studio\18\Community\Common7\IDE\CommonExtensions\Microsoft\CMake\CMake\share\cmake-4.2\Modules\GNUInstallDirs.cmake C$:\Program$ Files\Microsoft$ Visual$ Studio\18\Community\Common7\IDE\CommonExtensions\Microsoft\CMake\CMake\share\cmake-4.2\Modules\Internal\CMakeCXXLinkerInformation.cmake C$:\Program$ Files\Microsoft$ Visual$ Studio\18\Community\Common7\IDE\CommonExtensions\Microsoft\CMake\CMake\share\cmake-4.2\Modules\Internal\CMakeCommonLinkerInformation.cmake C$:\Program$ Files\Microsoft$ Visual$ Studio\18\Community\Common7\IDE\CommonExtensions\Microsoft\CMake\CMake\share\cmake-4.2\Modules\Internal\CMakeDetermineLinkerId.cmake C$:\Program$ Files\Microsoft$ Visual$ Studio\18\Community\Common7\IDE\CommonExtensions\Microsoft\CMake\CMake\share\cmake-4.2\Modules\Internal\CMakeInspectCXXLinker.cmake C$:\Program$ Files\Microsoft$ Visual$ Studio\18\Community\Common7\IDE\CommonExtensions\Microsoft\CMake\CMake\share\cmake-4.2\Modules\Internal\FeatureTesting.cmake C$:\Program$ Files\Microsoft$ Visual$ Studio\18\Community\Common7\IDE\CommonExtensions\Microsoft\CMake\CMake\share\cmake-4.2\Modules\Linker\MSVC-CXX.cmake C$:\Program$ Files\Microsoft$ Visual$ Studio\18\Community\Common7\IDE\CommonExtensions\Microsoft\CMake\CMake\share\cmake-4.2\Modules\Linker\MSVC.cmake C$:\Program$ Files\Microsoft$ Visual$ Studio\18\Community\Common7\IDE\CommonExtensions\Microsoft\CMake\CMake\share\cmake-4.2\Modules\Platform\Linker\Windows-MSVC-CXX.cmake C$:\Program$ Files\Microsoft$ Visual$ Studio\18\Community\Common7\IDE\CommonExtensions\Microsoft\CMake\CMake\share\cmake-4.2\Modules\Platform\Linker\Windows-MSVC.cmake C$:\Program$ Files\Microsoft$ Visual$ Studio\18\Community\Common7\IDE\CommonExtensions\Microsoft\CMake\CMake\share\cmake-4.2\Modules\Platform\Windows-Determine-CXX.cmake C$:\Program$ Files\Microsoft$ Visual$ Studio\18\Community\Common7\IDE\CommonExtensions\Microsoft\CMake\CMake\share\cmake-4.2\Modules\Platform\Windows-Initialize.cmake C$:\Program$ Files\Microsoft$ Visual$ Studio\18\Community\Common7\IDE\CommonExtensions\Microsoft\CMake\CMake\share\cmake-4.2\Modules\Platform\Windows-MSVC-CXX.cmake C$:\Program$ Files\Microsoft$ Visual$ Studio\18\Community\Common7\IDE\CommonExtensions\Microsoft\CMake\CMake\share\cmake-4.2\Modules\Platform\Windows-MSVC.cmake C$:\Program$ Files\Microsoft$ Visual$ Studio\18\Community\Common7\IDE\CommonExtensions\Microsoft\CMake\CMake\share\cmake-4.2\Modules\Platform\Windows.cmake C$:\Program$ Files\Microsoft$ Visual$ Studio\18\Community\Common7\IDE\CommonExtensions\Microsoft\CMake\CMake\share\cmake-4.2\Modules\Platform\WindowsPaths.cmake C$:\Program$ Files\Microsoft$ Visual$ Studio\18\Community\Common7\IDE\CommonExtensions\Microsoft\CMake\CMake\share\cmake-4.2\Modules\WriteBasicConfigVersionFile.cmake C$:\Program$ Files\Microsoft$ Visual$ Studio\18\Community\Common7\IDE\CommonExtensions\Microsoft\CMake\CMake\share\cmake-4.2\Templates\CPackConfig.cmake.in C$:\Program$ Files\Microsoft$ Visual$ Studio\18\Community\VC\vcpkg\scripts\buildsystems\vcpkg.cmake C$:\Program$ Files\Microsoft$ Visual$ Studio\18\Community\VC\vcpkg\scripts\toolchains\windows.cmake C$:\Users\Ondra\Desktop\3D$ engine\vcpkg_installed\vcpkg\blds\glm\src\1.0.3-65552ff9f1.clean\CMakeLists.txt C$:\Users\Ondra\Desktop\3D$ engine\vcpkg_installed\vcpkg\blds\glm\src\1.0.3-65552ff9f1.clean\cmake\cmake_uninstall.cmake.in C$:\Users\Ondra\Desktop\3D$ engine\vcpkg_installed\vcpkg\blds\glm\src\1.0.3-65552ff9f1.clean\glm\CMakeLists.txt CMakeCache.txt CMakeFiles\4.2.3-msvc3\CMakeCXXCompiler.cmake CMakeFiles\4.2.3-msvc3\CMakeRCCompiler.cmake CMakeFiles\4.2.3-msvc3\CMakeSystem.cmake: phony


#############################################
# Clean all the built files.

build clean: CLEAN


#############################################
# Print all primary targets available.

build help: HELP


#############################################
# Make the all target the default.

default all
