[1/2] "C:/Program Files/Microsoft Visual Studio/18/Community/Common7/IDE/CommonExtensions/Microsoft/CMake/CMake/bin/cmake.exe" -E chdir "../../x64-windows-dbg" "C:/Program Files/Microsoft Visual Studio/18/Community/Common7/IDE/CommonExtensions/Microsoft/CMake/CMake/bin/cmake.exe" "C:/Users/Ondra/Desktop/3D engine/vcpkg_installed/vcpkg/blds/imgui/src/v1.92.7-b588f89316.clean" "-G" "Ninja" "-DCMAKE_BUILD_TYPE=Debug" "-DCMAKE_INSTALL_PREFIX=C:/Users/Ondra/Desktop/3D engine/vcpkg_installed/vcpkg/pkgs/imgui_x64-windows/debug" "-DFETCHCONTENT_FULLY_DISCONNECTED=ON" "-DIMGUI_BUILD_ALLEGRO5_BINDING=OFF" "-DIMGUI_BUILD_ANDROID_BINDING=OFF" "-DIMGUI_BUILD_DX9_BINDING=OFF" "-DIMGUI_BUILD_DX10_BINDING=OFF" "-DIMGUI_BUILD_DX11_BINDING=OFF" "-DIMGUI_BUILD_DX12_BINDING=OFF" "-DIMGUI_BUILD_GLFW_BINDING=OFF" "-DIMGUI_BUILD_GLUT_BINDING=OFF" "-DIMGUI_BUILD_METAL_BINDING=OFF" "-DIMGUI_BUILD_OPENGL2_BINDING=OFF" "-DIMGUI_BUILD_OPENGL3_BINDING=OFF" "-DIMGUI_BUILD_OSX_BINDING=OFF" "-DIMGUI_BUILD_SDL3_BINDING=OFF" "-DIMGUI_BUILD_SDLGPU3_BINDING=OFF" "-DIMGUI_BUILD_SDL3_RENDERER_BINDING=OFF" "-DIMGUI_BUILD_VULKAN_BINDING=OFF" "-DIMGUI_BUILD_WIN32_BINDING=OFF" "-DIMGUI_BUILD_WEBGPU_BINDING=OFF" "-DIMGUI_FREETYPE=OFF" "-DIMGUI_FREETYPE_SVG=OFF" "-DIMGUI_USE_WCHAR32=OFF" "-DIMGUI_TEST_ENGINE=OFF" "-DCMAKE_MAKE_PROGRAM=C:\Users\Ondra\AppData\Local\vcpkg\downloads\tools\ninja-1.13.2-windows\ninja.exe" "-DBUILD_SHARED_LIBS=OFF" "-DVCPKG_CHAINLOAD_TOOLCHAIN_FILE=C:/Program Files/Microsoft Visual Studio/18/Community/VC/vcpkg/scripts/toolchains/windows.cmake" "-DVCPKG_TARGET_TRIPLET=x64-windows" "-DVCPKG_SET_CHARSET_FLAG=ON" "-DVCPKG_PLATFORM_TOOLSET=v145" "-DCMAKE_EXPORT_NO_PACKAGE_REGISTRY=ON" "-DCMAKE_FIND_PACKAGE_NO_PACKAGE_REGISTRY=ON" "-DCMAKE_FIND_PACKAGE_NO_SYSTEM_PACKAGE_REGISTRY=ON" "-DCMAKE_INSTALL_SYSTEM_RUNTIME_LIBS_SKIP=TRUE" "-DCMAKE_VERBOSE_MAKEFILE=ON" "-DVCPKG_APPLOCAL_DEPS=OFF" "-DCMAKE_TOOLCHAIN_FILE=C:/Program Files/Microsoft Visual Studio/18/Community/VC/vcpkg/scripts/buildsystems/vcpkg.cmake" "-DCMAKE_ERROR_ON_ABSOLUTE_INSTALL_DESTINATION=ON" "-DVCPKG_CXX_FLAGS=" "-DVCPKG_CXX_FLAGS_RELEASE=" "-DVCPKG_CXX_FLAGS_DEBUG=" "-DVCPKG_C_FLAGS=" "-DVCPKG_C_FLAGS_RELEASE=" "-DVCPKG_C_FLAGS_DEBUG=" "-DVCPKG_CRT_LINKAGE=dynamic" "-DVCPKG_LINKER_FLAGS=" "-DVCPKG_LINKER_FLAGS_RELEASE=" "-DVCPKG_LINKER_FLAGS_DEBUG=" "-DVCPKG_TARGET_ARCHITECTURE=x64" "-DCMAKE_INSTALL_LIBDIR:STRING=lib" "-DCMAKE_INSTALL_BINDIR:STRING=bin" "-D_VCPKG_ROOT_DIR=C:/Program Files/Microsoft Visual Studio/18/Community/VC/vcpkg" "-D_VCPKG_INSTALLED_DIR=C:/Users/Ondra/Desktop/3D engine/vcpkg_installed" "-DVCPKG_MANIFEST_INSTALL=OFF" "-DIMGUI_SKIP_HEADERS=ON"
-- The CXX compiler identification is MSVC 19.50.35729.0
-- Detecting CXX compiler ABI info
-- Detecting CXX compiler ABI info - done
-- Check for working CXX compiler: C:/Program Files/Microsoft Visual Studio/18/Community/VC/Tools/MSVC/14.50.35717/bin/Hostx64/x64/cl.exe - skipped
-- Detecting CXX compile features
-- Detecting CXX compile features - done
-- Configuring done (0.7s)
-- Generating done (0.0s)
CMake Warning:
  Manually-specified variables were not used by the project:

    CMAKE_INSTALL_BINDIR
    CMAKE_INSTALL_LIBDIR
    FETCHCONTENT_FULLY_DISCONNECTED
    _VCPKG_ROOT_DIR


-- Build files have been written to: C:/Users/Ondra/Desktop/3D engine/vcpkg_installed/vcpkg/blds/imgui/x64-windows-dbg
[2/2] "C:/Program Files/Microsoft Visual Studio/18/Community/Common7/IDE/CommonExtensions/Microsoft/CMake/CMake/bin/cmake.exe" -E chdir ".." "C:/Program Files/Microsoft Visual Studio/18/Community/Common7/IDE/CommonExtensions/Microsoft/CMake/CMake/bin/cmake.exe" "C:/Users/Ondra/Desktop/3D engine/vcpkg_installed/vcpkg/blds/imgui/src/v1.92.7-b588f89316.clean" "-G" "Ninja" "-DCMAKE_BUILD_TYPE=Release" "-DCMAKE_INSTALL_PREFIX=C:/Users/Ondra/Desktop/3D engine/vcpkg_installed/vcpkg/pkgs/imgui_x64-windows" "-DFETCHCONTENT_FULLY_DISCONNECTED=ON" "-DIMGUI_BUILD_ALLEGRO5_BINDING=OFF" "-DIMGUI_BUILD_ANDROID_BINDING=OFF" "-DIMGUI_BUILD_DX9_BINDING=OFF" "-DIMGUI_BUILD_DX10_BINDING=OFF" "-DIMGUI_BUILD_DX11_BINDING=OFF" "-DIMGUI_BUILD_DX12_BINDING=OFF" "-DIMGUI_BUILD_GLFW_BINDING=OFF" "-DIMGUI_BUILD_GLUT_BINDING=OFF" "-DIMGUI_BUILD_METAL_BINDING=OFF" "-DIMGUI_BUILD_OPENGL2_BINDING=OFF" "-DIMGUI_BUILD_OPENGL3_BINDING=OFF" "-DIMGUI_BUILD_OSX_BINDING=OFF" "-DIMGUI_BUILD_SDL3_BINDING=OFF" "-DIMGUI_BUILD_SDLGPU3_BINDING=OFF" "-DIMGUI_BUILD_SDL3_RENDERER_BINDING=OFF" "-DIMGUI_BUILD_VULKAN_BINDING=OFF" "-DIMGUI_BUILD_WIN32_BINDING=OFF" "-DIMGUI_BUILD_WEBGPU_BINDING=OFF" "-DIMGUI_FREETYPE=OFF" "-DIMGUI_FREETYPE_SVG=OFF" "-DIMGUI_USE_WCHAR32=OFF" "-DIMGUI_TEST_ENGINE=OFF" "-DCMAKE_MAKE_PROGRAM=C:\Users\Ondra\AppData\Local\vcpkg\downloads\tools\ninja-1.13.2-windows\ninja.exe" "-DBUILD_SHARED_LIBS=OFF" "-DVCPKG_CHAINLOAD_TOOLCHAIN_FILE=C:/Program Files/Microsoft Visual Studio/18/Community/VC/vcpkg/scripts/toolchains/windows.cmake" "-DVCPKG_TARGET_TRIPLET=x64-windows" "-DVCPKG_SET_CHARSET_FLAG=ON" "-DVCPKG_PLATFORM_TOOLSET=v145" "-DCMAKE_EXPORT_NO_PACKAGE_REGISTRY=ON" "-DCMAKE_FIND_PACKAGE_NO_PACKAGE_REGISTRY=ON" "-DCMAKE_FIND_PACKAGE_NO_SYSTEM_PACKAGE_REGISTRY=ON" "-DCMAKE_INSTALL_SYSTEM_RUNTIME_LIBS_SKIP=TRUE" "-DCMAKE_VERBOSE_MAKEFILE=ON" "-DVCPKG_APPLOCAL_DEPS=OFF" "-DCMAKE_TOOLCHAIN_FILE=C:/Program Files/Microsoft Visual Studio/18/Community/VC/vcpkg/scripts/buildsystems/vcpkg.cmake" "-DCMAKE_ERROR_ON_ABSOLUTE_INSTALL_DESTINATION=ON" "-DVCPKG_CXX_FLAGS=" "-DVCPKG_CXX_FLAGS_RELEASE=" "-DVCPKG_CXX_FLAGS_DEBUG=" "-DVCPKG_C_FLAGS=" "-DVCPKG_C_FLAGS_RELEASE=" "-DVCPKG_C_FLAGS_DEBUG=" "-DVCPKG_CRT_LINKAGE=dynamic" "-DVCPKG_LINKER_FLAGS=" "-DVCPKG_LINKER_FLAGS_RELEASE=" "-DVCPKG_LINKER_FLAGS_DEBUG=" "-DVCPKG_TARGET_ARCHITECTURE=x64" "-DCMAKE_INSTALL_LIBDIR:STRING=lib" "-DCMAKE_INSTALL_BINDIR:STRING=bin" "-D_VCPKG_ROOT_DIR=C:/Program Files/Microsoft Visual Studio/18/Community/VC/vcpkg" "-D_VCPKG_INSTALLED_DIR=C:/Users/Ondra/Desktop/3D engine/vcpkg_installed" "-DVCPKG_MANIFEST_INSTALL=OFF"
-- The CXX compiler identification is MSVC 19.50.35729.0
-- Detecting CXX compiler ABI info
-- Detecting CXX compiler ABI info - done
-- Check for working CXX compiler: C:/Program Files/Microsoft Visual Studio/18/Community/VC/Tools/MSVC/14.50.35717/bin/Hostx64/x64/cl.exe - skipped
-- Detecting CXX compile features
-- Detecting CXX compile features - done
-- Configuring done (0.7s)
-- Generating done (0.0s)
CMake Warning:
  Manually-specified variables were not used by the project:

    CMAKE_INSTALL_BINDIR
    CMAKE_INSTALL_LIBDIR
    FETCHCONTENT_FULLY_DISCONNECTED
    _VCPKG_ROOT_DIR


-- Build files have been written to: C:/Users/Ondra/Desktop/3D engine/vcpkg_installed/vcpkg/blds/imgui/x64-windows-rel
