# CMAKE generated file: DO NOT EDIT!
# Generated by "Ninja" Generator, CMake Version 4.2

# This file contains all the build statements describing the
# compilation DAG.

# =============================================================================
# Write statements declared in CMakeLists.txt:
# 
# Which is the root file.
# =============================================================================

# =============================================================================
# Project: imgui
# Configurations: Debug
# =============================================================================

#############################################
# Minimal version of Ninja required by this file

ninja_required_version = 1.5


#############################################
# Set configuration variable for custom commands.

CONFIGURATION = Debug
# =============================================================================
# Include auxiliary files.


#############################################
# Include rules file.

include CMakeFiles\rules.ninja

# =============================================================================

#############################################
# Logical path to working directory; prefix for absolute paths.

cmake_ninja_workdir = C$:\Users\Ondra\Desktop\3D$ engine\vcpkg_installed\vcpkg\blds\imgui\x64-windows-dbg\
# =============================================================================
# Object build statements for STATIC_LIBRARY target imgui


#############################################
# Order-only phony target for imgui

build cmake_object_order_depends_target_imgui: phony || .

build CMakeFiles\imgui.dir\imgui.cpp.obj: CXX_COMPILER__imgui_unscanned_Debug C$:\Users\Ondra\Desktop\3D$ engine\vcpkg_installed\vcpkg\blds\imgui\src\v1.92.7-b588f89316.clean\imgui.cpp || cmake_object_order_depends_target_imgui
  CONFIG = Debug
  FLAGS = /nologo /DWIN32 /D_WINDOWS /utf-8 /GR /EHsc /MP  /MDd /Z7 /Ob0 /Od /RTC1  -MDd
  INCLUDES = -I"C:\Users\Ondra\Desktop\3D engine\vcpkg_installed\vcpkg\blds\imgui\src\v1.92.7-b588f89316.clean" -I"C:\Users\Ondra\Desktop\3D engine\vcpkg_installed\vcpkg\blds\imgui\src\v1.92.7-b588f89316.clean\test-engine"
  OBJECT_DIR = CMakeFiles\imgui.dir
  OBJECT_FILE_DIR = CMakeFiles\imgui.dir
  TARGET_COMPILE_PDB = CMakeFiles\imgui.dir\imgui.pdb
  TARGET_PDB = imguid.pdb
  TARGET_SUPPORT_DIR = CMakeFiles\imgui.dir

build CMakeFiles\imgui.dir\imgui_demo.cpp.obj: CXX_COMPILER__imgui_unscanned_Debug C$:\Users\Ondra\Desktop\3D$ engine\vcpkg_installed\vcpkg\blds\imgui\src\v1.92.7-b588f89316.clean\imgui_demo.cpp || cmake_object_order_depends_target_imgui
  CONFIG = Debug
  FLAGS = /nologo /DWIN32 /D_WINDOWS /utf-8 /GR /EHsc /MP  /MDd /Z7 /Ob0 /Od /RTC1  -MDd
  INCLUDES = -I"C:\Users\Ondra\Desktop\3D engine\vcpkg_installed\vcpkg\blds\imgui\src\v1.92.7-b588f89316.clean" -I"C:\Users\Ondra\Desktop\3D engine\vcpkg_installed\vcpkg\blds\imgui\src\v1.92.7-b588f89316.clean\test-engine"
  OBJECT_DIR = CMakeFiles\imgui.dir
  OBJECT_FILE_DIR = CMakeFiles\imgui.dir
  TARGET_COMPILE_PDB = CMakeFiles\imgui.dir\imgui.pdb
  TARGET_PDB = imguid.pdb
  TARGET_SUPPORT_DIR = CMakeFiles\imgui.dir

build CMakeFiles\imgui.dir\imgui_draw.cpp.obj: CXX_COMPILER__imgui_unscanned_Debug C$:\Users\Ondra\Desktop\3D$ engine\vcpkg_installed\vcpkg\blds\imgui\src\v1.92.7-b588f89316.clean\imgui_draw.cpp || cmake_object_order_depends_target_imgui
  CONFIG = Debug
  FLAGS = /nologo /DWIN32 /D_WINDOWS /utf-8 /GR /EHsc /MP  /MDd /Z7 /Ob0 /Od /RTC1  -MDd
  INCLUDES = -I"C:\Users\Ondra\Desktop\3D engine\vcpkg_installed\vcpkg\blds\imgui\src\v1.92.7-b588f89316.clean" -I"C:\Users\Ondra\Desktop\3D engine\vcpkg_installed\vcpkg\blds\imgui\src\v1.92.7-b588f89316.clean\test-engine"
  OBJECT_DIR = CMakeFiles\imgui.dir
  OBJECT_FILE_DIR = CMakeFiles\imgui.dir
  TARGET_COMPILE_PDB = CMakeFiles\imgui.dir\imgui.pdb
  TARGET_PDB = imguid.pdb
  TARGET_SUPPORT_DIR = CMakeFiles\imgui.dir

build CMakeFiles\imgui.dir\imgui_tables.cpp.obj: CXX_COMPILER__imgui_unscanned_Debug C$:\Users\Ondra\Desktop\3D$ engine\vcpkg_installed\vcpkg\blds\imgui\src\v1.92.7-b588f89316.clean\imgui_tables.cpp || cmake_object_order_depends_target_imgui
  CONFIG = Debug
  FLAGS = /nologo /DWIN32 /D_WINDOWS /utf-8 /GR /EHsc /MP  /MDd /Z7 /Ob0 /Od /RTC1  -MDd
  INCLUDES = -I"C:\Users\Ondra\Desktop\3D engine\vcpkg_installed\vcpkg\blds\imgui\src\v1.92.7-b588f89316.clean" -I"C:\Users\Ondra\Desktop\3D engine\vcpkg_installed\vcpkg\blds\imgui\src\v1.92.7-b588f89316.clean\test-engine"
  OBJECT_DIR = CMakeFiles\imgui.dir
  OBJECT_FILE_DIR = CMakeFiles\imgui.dir
  TARGET_COMPILE_PDB = CMakeFiles\imgui.dir\imgui.pdb
  TARGET_PDB = imguid.pdb
  TARGET_SUPPORT_DIR = CMakeFiles\imgui.dir

build CMakeFiles\imgui.dir\imgui_widgets.cpp.obj: CXX_COMPILER__imgui_unscanned_Debug C$:\Users\Ondra\Desktop\3D$ engine\vcpkg_installed\vcpkg\blds\imgui\src\v1.92.7-b588f89316.clean\imgui_widgets.cpp || cmake_object_order_depends_target_imgui
  CONFIG = Debug
  FLAGS = /nologo /DWIN32 /D_WINDOWS /utf-8 /GR /EHsc /MP  /MDd /Z7 /Ob0 /Od /RTC1  -MDd
  INCLUDES = -I"C:\Users\Ondra\Desktop\3D engine\vcpkg_installed\vcpkg\blds\imgui\src\v1.92.7-b588f89316.clean" -I"C:\Users\Ondra\Desktop\3D engine\vcpkg_installed\vcpkg\blds\imgui\src\v1.92.7-b588f89316.clean\test-engine"
  OBJECT_DIR = CMakeFiles\imgui.dir
  OBJECT_FILE_DIR = CMakeFiles\imgui.dir
  TARGET_COMPILE_PDB = CMakeFiles\imgui.dir\imgui.pdb
  TARGET_PDB = imguid.pdb
  TARGET_SUPPORT_DIR = CMakeFiles\imgui.dir

build CMakeFiles\imgui.dir\misc\cpp\imgui_stdlib.cpp.obj: CXX_COMPILER__imgui_unscanned_Debug C$:\Users\Ondra\Desktop\3D$ engine\vcpkg_installed\vcpkg\blds\imgui\src\v1.92.7-b588f89316.clean\misc\cpp\imgui_stdlib.cpp || cmake_object_order_depends_target_imgui
  CONFIG = Debug
  FLAGS = /nologo /DWIN32 /D_WINDOWS /utf-8 /GR /EHsc /MP  /MDd /Z7 /Ob0 /Od /RTC1  -MDd
  INCLUDES = -I"C:\Users\Ondra\Desktop\3D engine\vcpkg_installed\vcpkg\blds\imgui\src\v1.92.7-b588f89316.clean" -I"C:\Users\Ondra\Desktop\3D engine\vcpkg_installed\vcpkg\blds\imgui\src\v1.92.7-b588f89316.clean\test-engine"
  OBJECT_DIR = CMakeFiles\imgui.dir
  OBJECT_FILE_DIR = CMakeFiles\imgui.dir\misc\cpp
  TARGET_COMPILE_PDB = CMakeFiles\imgui.dir\imgui.pdb
  TARGET_PDB = imguid.pdb
  TARGET_SUPPORT_DIR = CMakeFiles\imgui.dir


# =============================================================================
# Link build statements for STATIC_LIBRARY target imgui


#############################################
# Link the static library imguid.lib

build imguid.lib: CXX_STATIC_LIBRARY_LINKER__imgui_Debug CMakeFiles\imgui.dir\imgui.cpp.obj CMakeFiles\imgui.dir\imgui_demo.cpp.obj CMakeFiles\imgui.dir\imgui_draw.cpp.obj CMakeFiles\imgui.dir\imgui_tables.cpp.obj CMakeFiles\imgui.dir\imgui_widgets.cpp.obj CMakeFiles\imgui.dir\misc\cpp\imgui_stdlib.cpp.obj
  CONFIG = Debug
  LANGUAGE_COMPILE_FLAGS = /nologo /DWIN32 /D_WINDOWS /utf-8 /GR /EHsc /MP  /MDd /Z7 /Ob0 /Od /RTC1  -MDd
  LINK_FLAGS = /machine:x64 /nologo
  OBJECT_DIR = CMakeFiles\imgui.dir
  POST_BUILD = cd .
  PRE_LINK = cd .
  TARGET_COMPILE_PDB = CMakeFiles\imgui.dir\imgui.pdb
  TARGET_FILE = imguid.lib
  TARGET_PDB = imguid.pdb
  TARGET_SUPPORT_DIR = CMakeFiles\imgui.dir


#############################################
# Utility command for edit_cache

build CMakeFiles\edit_cache.util: CUSTOM_COMMAND
  COMMAND = C:\WINDOWS\system32\cmd.exe /C "cd /D "C:\Users\Ondra\Desktop\3D engine\vcpkg_installed\vcpkg\blds\imgui\x64-windows-dbg" && "C:\Program Files\Microsoft Visual Studio\18\Community\Common7\IDE\CommonExtensions\Microsoft\CMake\CMake\bin\cmake.exe" -E echo "No interactive CMake dialog available.""
  DESC = No interactive CMake dialog available...
  restat = 1

build edit_cache: phony CMakeFiles\edit_cache.util


#############################################
# Utility command for rebuild_cache

build CMakeFiles\rebuild_cache.util: CUSTOM_COMMAND
  COMMAND = C:\WINDOWS\system32\cmd.exe /C "cd /D "C:\Users\Ondra\Desktop\3D engine\vcpkg_installed\vcpkg\blds\imgui\x64-windows-dbg" && "C:\Program Files\Microsoft Visual Studio\18\Community\Common7\IDE\CommonExtensions\Microsoft\CMake\CMake\bin\cmake.exe" --regenerate-during-build -S"C:\Users\Ondra\Desktop\3D engine\vcpkg_installed\vcpkg\blds\imgui\src\v1.92.7-b588f89316.clean" -B"C:\Users\Ondra\Desktop\3D engine\vcpkg_installed\vcpkg\blds\imgui\x64-windows-dbg""
  DESC = Running CMake to regenerate build system...
  pool = console
  restat = 1

build rebuild_cache: phony CMakeFiles\rebuild_cache.util


#############################################
# Utility command for list_install_components

build list_install_components: phony


#############################################
# Utility command for install

build CMakeFiles\install.util: CUSTOM_COMMAND all
  COMMAND = C:\WINDOWS\system32\cmd.exe /C "cd /D "C:\Users\Ondra\Desktop\3D engine\vcpkg_installed\vcpkg\blds\imgui\x64-windows-dbg" && "C:\Program Files\Microsoft Visual Studio\18\Community\Common7\IDE\CommonExtensions\Microsoft\CMake\CMake\bin\cmake.exe" -P cmake_install.cmake"
  DESC = Install the project...
  pool = console
  restat = 1

build install: phony CMakeFiles\install.util


#############################################
# Utility command for install/local

build CMakeFiles\install\local.util: CUSTOM_COMMAND all
  COMMAND = C:\WINDOWS\system32\cmd.exe /C "cd /D "C:\Users\Ondra\Desktop\3D engine\vcpkg_installed\vcpkg\blds\imgui\x64-windows-dbg" && "C:\Program Files\Microsoft Visual Studio\18\Community\Common7\IDE\CommonExtensions\Microsoft\CMake\CMake\bin\cmake.exe" -DCMAKE_INSTALL_LOCAL_ONLY=1 -P cmake_install.cmake"
  DESC = Installing only the local directory...
  pool = console
  restat = 1

build install\local: phony CMakeFiles\install\local.util

# =============================================================================
# Target aliases.

build imgui: phony imguid.lib

# =============================================================================
# Folder targets.

# =============================================================================

#############################################
# Folder: C:/Users/Ondra/Desktop/3D engine/vcpkg_installed/vcpkg/blds/imgui/x64-windows-dbg

build all: phony imguid.lib

# =============================================================================
# Built-in targets


#############################################
# Re-run CMake if any of its inputs changed.

build build.ninja C$:\Users\Ondra\Desktop\3D$ engine\vcpkg_installed\vcpkg\blds\imgui\x64-windows-dbg\cmake_install.cmake: RERUN_CMAKE | C$:\Program$ Files\Microsoft$ Visual$ Studio\18\Community\Common7\IDE\CommonExtensions\Microsoft\CMake\CMake\share\cmake-4.2\Modules\CMakeCXXCompiler.cmake.in C$:\Program$ Files\Microsoft$ Visual$ Studio\18\Community\Common7\IDE\CommonExtensions\Microsoft\CMake\CMake\share\cmake-4.2\Modules\CMakeCXXCompilerABI.cpp C$:\Program$ Files\Microsoft$ Visual$ Studio\18\Community\Common7\IDE\CommonExtensions\Microsoft\CMake\CMake\share\cmake-4.2\Modules\CMakeCXXInformation.cmake C$:\Program$ Files\Microsoft$ Visual$ Studio\18\Community\Common7\IDE\CommonExtensions\Microsoft\CMake\CMake\share\cmake-4.2\Modules\CMakeCommonLanguageInclude.cmake C$:\Program$ Files\Microsoft$ Visual$ Studio\18\Community\Common7\IDE\CommonExtensions\Microsoft\CMake\CMake\share\cmake-4.2\Modules\CMakeCompilerIdDetection.cmake C$:\Program$ Files\Microsoft$ Visual$ Studio\18\Community\Common7\IDE\CommonExtensions\Microsoft\CMake\CMake\share\cmake-4.2\Modules\CMakeDependentOption.cmake C$:\Program$ Files\Microsoft$ Visual$ Studio\18\Community\Common7\IDE\CommonExtensions\Microsoft\CMake\CMake\share\cmake-4.2\Modules\CMakeDetermineCXXCompiler.cmake C$:\Program$ Files\Microsoft$ Visual$ Studio\18\Community\Common7\IDE\CommonExtensions\Microsoft\CMake\CMake\share\cmake-4.2\Modules\CMakeDetermineCompiler.cmake C$:\Program$ Files\Microsoft$ Visual$ Studio\18\Community\Common7\IDE\CommonExtensions\Microsoft\CMake\CMake\share\cmake-4.2\Modules\CMakeDetermineCompilerABI.cmake C$:\Program$ Files\Microsoft$ Visual$ Studio\18\Community\Common7\IDE\CommonExtensions\Microsoft\CMake\CMake\share\cmake-4.2\Modules\CMakeDetermineCompilerId.cmake C$:\Program$ Files\Microsoft$ Visual$ Studio\18\Community\Common7\IDE\CommonExtensions\Microsoft\CMake\CMake\share\cmake-4.2\Modules\CMakeDetermineCompilerSupport.cmake C$:\Program$ Files\Microsoft$ Visual$ Studio\18\Community\Common7\IDE\CommonExtensions\Microsoft\CMake\CMake\share\cmake-4.2\Modules\CMakeDetermineRCCompiler.cmake C$:\Program$ Files\Microsoft$ Visual$ Studio\18\Community\Common7\IDE\CommonExtensions\Microsoft\CMake\CMake\share\cmake-4.2\Modules\CMakeDetermineSystem.cmake C$:\Program$ Files\Microsoft$ Visual$ Studio\18\Community\Common7\IDE\CommonExtensions\Microsoft\CMake\CMake\share\cmake-4.2\Modules\CMakeFindBinUtils.cmake C$:\Program$ Files\Microsoft$ Visual$ Studio\18\Community\Common7\IDE\CommonExtensions\Microsoft\CMake\CMake\share\cmake-4.2\Modules\CMakeGenericSystem.cmake C$:\Program$ Files\Microsoft$ Visual$ Studio\18\Community\Common7\IDE\CommonExtensions\Microsoft\CMake\CMake\share\cmake-4.2\Modules\CMakeInitializeConfigs.cmake C$:\Program$ Files\Microsoft$ Visual$ Studio\18\Community\Common7\IDE\CommonExtensions\Microsoft\CMake\CMake\share\cmake-4.2\Modules\CMakeLanguageInformation.cmake C$:\Program$ Files\Microsoft$ Visual$ Studio\18\Community\Common7\IDE\CommonExtensions\Microsoft\CMake\CMake\share\cmake-4.2\Modules\CMakePackageConfigHelpers.cmake C$:\Program$ Files\Microsoft$ Visual$ Studio\18\Community\Common7\IDE\CommonExtensions\Microsoft\CMake\CMake\share\cmake-4.2\Modules\CMakeParseImplicitIncludeInfo.cmake C$:\Program$ Files\Microsoft$ Visual$ Studio\18\Community\Common7\IDE\CommonExtensions\Microsoft\CMake\CMake\share\cmake-4.2\Modules\CMakeParseImplicitLinkInfo.cmake C$:\Program$ Files\Microsoft$ Visual$ Studio\18\Community\Common7\IDE\CommonExtensions\Microsoft\CMake\CMake\share\cmake-4.2\Modules\CMakeParseLibraryArchitecture.cmake C$:\Program$ Files\Microsoft$ Visual$ Studio\18\Community\Common7\IDE\CommonExtensions\Microsoft\CMake\CMake\share\cmake-4.2\Modules\CMakeRCCompiler.cmake.in C$:\Program$ Files\Microsoft$ Visual$ Studio\18\Community\Common7\IDE\CommonExtensions\Microsoft\CMake\CMake\share\cmake-4.2\Modules\CMakeRCInformation.cmake C$:\Program$ Files\Microsoft$ Visual$ Studio\18\Community\Common7\IDE\CommonExtensions\Microsoft\CMake\CMake\share\cmake-4.2\Modules\CMakeSystem.cmake.in C$:\Program$ Files\Microsoft$ Visual$ Studio\18\Community\Common7\IDE\CommonExtensions\Microsoft\CMake\CMake\share\cmake-4.2\Modules\CMakeSystemSpecificInformation.cmake C$:\Program$ Files\Microsoft$ Visual$ Studio\18\Community\Common7\IDE\CommonExtensions\Microsoft\CMake\CMake\share\cmake-4.2\Modules\CMakeSystemSpecificInitialize.cmake C$:\Program$ Files\Microsoft$ Visual$ Studio\18\Community\Common7\IDE\CommonExtensions\Microsoft\CMake\CMake\share\cmake-4.2\Modules\CMakeTestCXXCompiler.cmake C$:\Program$ Files\Microsoft$ Visual$ Studio\18\Community\Common7\IDE\CommonExtensions\Microsoft\CMake\CMake\share\cmake-4.2\Modules\CMakeTestCompilerCommon.cmake C$:\Program$ Files\Microsoft$ Visual$ Studio\18\Community\Common7\IDE\CommonExtensions\Microsoft\CMake\CMake\share\cmake-4.2\Modules\CMakeTestRCCompiler.cmake C$:\Program$ Files\Microsoft$ Visual$ Studio\18\Community\Common7\IDE\CommonExtensions\Microsoft\CMake\CMake\share\cmake-4.2\Modules\Compiler\ADSP-DetermineCompiler.cmake C$:\Program$ Files\Microsoft$ Visual$ Studio\18\Community\Common7\IDE\CommonExtensions\Microsoft\CMake\CMake\share\cmake-4.2\Modules\Compiler\ARMCC-DetermineCompiler.cmake C$:\Program$ Files\Microsoft$ Visual$ Studio\18\Community\Common7\IDE\CommonExtensions\Microsoft\CMake\CMake\share\cmake-4.2\Modules\Compiler\ARMClang-DetermineCompiler.cmake C$:\Program$ Files\Microsoft$ Visual$ Studio\18\Community\Common7\IDE\CommonExtensions\Microsoft\CMake\CMake\share\cmake-4.2\Modules\Compiler\AppleClang-DetermineCompiler.cmake C$:\Program$ Files\Microsoft$ Visual$ Studio\18\Community\Common7\IDE\CommonExtensions\Microsoft\CMake\CMake\share\cmake-4.2\Modules\Compiler\Borland-DetermineCompiler.cmake C$:\Program$ Files\Microsoft$ Visual$ Studio\18\Community\Common7\IDE\CommonExtensions\Microsoft\CMake\CMake\share\cmake-4.2\Modules\Compiler\CMakeCommonCompilerMacros.cmake C$:\Program$ Files\Microsoft$ Visual$ Studio\18\Community\Common7\IDE\CommonExtensions\Microsoft\CMake\CMake\share\cmake-4.2\Modules\Compiler\Clang-DetermineCompiler.cmake C$:\Program$ Files\Microsoft$ Visual$ Studio\18\Community\Common7\IDE\CommonExtensions\Microsoft\CMake\CMake\share\cmake-4.2\Modules\Compiler\Clang-DetermineCompilerInternal.cmake C$:\Program$ Files\Microsoft$ Visual$ Studio\18\Community\Common7\IDE\CommonExtensions\Microsoft\CMake\CMake\share\cmake-4.2\Modules\Compiler\Compaq-CXX-DetermineCompiler.cmake C$:\Program$ Files\Microsoft$ Visual$ Studio\18\Community\Common7\IDE\CommonExtensions\Microsoft\CMake\CMake\share\cmake-4.2\Modules\Compiler\Cray-DetermineCompiler.cmake C$:\Program$ Files\Microsoft$ Visual$ Studio\18\Community\Common7\IDE\CommonExtensions\Microsoft\CMake\CMake\share\cmake-4.2\Modules\Compiler\CrayClang-DetermineCompiler.cmake C$:\Program$ Files\Microsoft$ Visual$ Studio\18\Community\Common7\IDE\CommonExtensions\Microsoft\CMake\CMake\share\cmake-4.2\Modules\Compiler\Diab-DetermineCompiler.cmake C$:\Program$ Files\Microsoft$ Visual$ Studio\18\Community\Common7\IDE\CommonExtensions\Microsoft\CMake\CMake\share\cmake-4.2\Modules\Compiler\Embarcadero-DetermineCompiler.cmake C$:\Program$ Files\Microsoft$ Visual$ Studio\18\Community\Common7\IDE\CommonExtensions\Microsoft\CMake\CMake\share\cmake-4.2\Modules\Compiler\Fujitsu-DetermineCompiler.cmake C$:\Program$ Files\Microsoft$ Visual$ Studio\18\Community\Common7\IDE\CommonExtensions\Microsoft\CMake\CMake\share\cmake-4.2\Modules\Compiler\FujitsuClang-DetermineCompiler.cmake C$:\Program$ Files\Microsoft$ Visual$ Studio\18\Community\Common7\IDE\CommonExtensions\Microsoft\CMake\CMake\share\cmake-4.2\Modules\Compiler\GHS-DetermineCompiler.cmake C$:\Program$ Files\Microsoft$ Visual$ Studio\18\Community\Common7\IDE\CommonExtensions\Microsoft\CMake\CMake\share\cmake-4.2\Modules\Compiler\GNU-CXX-DetermineCompiler.cmake C$:\Program$ Files\Microsoft$ Visual$ Studio\18\Community\Common7\IDE\CommonExtensions\Microsoft\CMake\CMake\share\cmake-4.2\Modules\Compiler\HP-CXX-DetermineCompiler.cmake C$:\Program$ Files\Microsoft$ Visual$ Studio\18\Community\Common7\IDE\CommonExtensions\Microsoft\CMake\CMake\share\cmake-4.2\Modules\Compiler\IAR-DetermineCompiler.cmake C$:\Program$ Files\Microsoft$ Visual$ Studio\18\Community\Common7\IDE\CommonExtensions\Microsoft\CMake\CMake\share\cmake-4.2\Modules\Compiler\IBMCPP-CXX-DetermineVersionInternal.cmake C$:\Program$ Files\Microsoft$ Visual$ Studio\18\Community\Common7\IDE\CommonExtensions\Microsoft\CMake\CMake\share\cmake-4.2\Modules\Compiler\IBMClang-CXX-DetermineCompiler.cmake C$:\Program$ Files\Microsoft$ Visual$ Studio\18\Community\Common7\IDE\CommonExtensions\Microsoft\CMake\CMake\share\cmake-4.2\Modules\Compiler\Intel-DetermineCompiler.cmake C$:\Program$ Files\Microsoft$ Visual$ Studio\18\Community\Common7\IDE\CommonExtensions\Microsoft\CMake\CMake\share\cmake-4.2\Modules\Compiler\IntelLLVM-DetermineCompiler.cmake C$:\Program$ Files\Microsoft$ Visual$ Studio\18\Community\Common7\IDE\CommonExtensions\Microsoft\CMake\CMake\share\cmake-4.2\Modules\Compiler\LCC-CXX-DetermineCompiler.cmake C$:\Program$ Files\Microsoft$ Visual$ Studio\18\Community\Common7\IDE\CommonExtensions\Microsoft\CMake\CMake\share\cmake-4.2\Modules\Compiler\MSVC-CXX-CXXImportStd.cmake C$:\Program$ Files\Microsoft$ Visual$ Studio\18\Community\Common7\IDE\CommonExtensions\Microsoft\CMake\CMake\share\cmake-4.2\Modules\Compiler\MSVC-CXX.cmake C$:\Program$ Files\Microsoft$ Visual$ Studio\18\Community\Common7\IDE\CommonExtensions\Microsoft\CMake\CMake\share\cmake-4.2\Modules\Compiler\MSVC-DetermineCompiler.cmake C$:\Program$ Files\Microsoft$ Visual$ Studio\18\Community\Common7\IDE\CommonExtensions\Microsoft\CMake\CMake\share\cmake-4.2\Modules\Compiler\MSVC.cmake C$:\Program$ Files\Microsoft$ Visual$ Studio\18\Community\Common7\IDE\CommonExtensions\Microsoft\CMake\CMake\share\cmake-4.2\Modules\Compiler\NVHPC-DetermineCompiler.cmake C$:\Program$ Files\Microsoft$ Visual$ Studio\18\Community\Common7\IDE\CommonExtensions\Microsoft\CMake\CMake\share\cmake-4.2\Modules\Compiler\NVIDIA-DetermineCompiler.cmake C$:\Program$ Files\Microsoft$ Visual$ Studio\18\Community\Common7\IDE\CommonExtensions\Microsoft\CMake\CMake\share\cmake-4.2\Modules\Compiler\OpenWatcom-DetermineCompiler.cmake C$:\Program$ Files\Microsoft$ Visual$ Studio\18\Community\Common7\IDE\CommonExtensions\Microsoft\CMake\CMake\share\cmake-4.2\Modules\Compiler\OrangeC-DetermineCompiler.cmake C$:\Program$ Files\Microsoft$ Visual$ Studio\18\Community\Common7\IDE\CommonExtensions\Microsoft\CMake\CMake\share\cmake-4.2\Modules\Compiler\PGI-DetermineCompiler.cmake C$:\Program$ Files\Microsoft$ Visual$ Studio\18\Community\Common7\IDE\CommonExtensions\Microsoft\CMake\CMake\share\cmake-4.2\Modules\Compiler\PathScale-DetermineCompiler.cmake C$:\Program$ Files\Microsoft$ Visual$ Studio\18\Community\Common7\IDE\CommonExtensions\Microsoft\CMake\CMake\share\cmake-4.2\Modules\Compiler\Renesas-DetermineCompiler.cmake C$:\Program$ Files\Microsoft$ Visual$ Studio\18\Community\Common7\IDE\CommonExtensions\Microsoft\CMake\CMake\share\cmake-4.2\Modules\Compiler\SCO-DetermineCompiler.cmake C$:\Program$ Files\Microsoft$ Visual$ Studio\18\Community\Common7\IDE\CommonExtensions\Microsoft\CMake\CMake\share\cmake-4.2\Modules\Compiler\SunPro-CXX-DetermineCompiler.cmake C$:\Program$ Files\Microsoft$ Visual$ Studio\18\Community\Common7\IDE\CommonExtensions\Microsoft\CMake\CMake\share\cmake-4.2\Modules\Compiler\TI-DetermineCompiler.cmake C$:\Program$ Files\Microsoft$ Visual$ Studio\18\Community\Common7\IDE\CommonExtensions\Microsoft\CMake\CMake\share\cmake-4.2\Modules\Compiler\TIClang-DetermineCompiler.cmake C$:\Program$ Files\Microsoft$ Visual$ Studio\18\Community\Common7\IDE\CommonExtensions\Microsoft\CMake\CMake\share\cmake-4.2\Modules\Compiler\Tasking-DetermineCompiler.cmake C$:\Program$ Files\Microsoft$ Visual$ Studio\18\Community\Common7\IDE\CommonExtensions\Microsoft\CMake\CMake\share\cmake-4.2\Modules\Compiler\VisualAge-CXX-DetermineCompiler.cmake C$:\Program$ Files\Microsoft$ Visual$ Studio\18\Community\Common7\IDE\CommonExtensions\Microsoft\CMake\CMake\share\cmake-4.2\Modules\Compiler\Watcom-DetermineCompiler.cmake C$:\Program$ Files\Microsoft$ Visual$ Studio\18\Community\Common7\IDE\CommonExtensions\Microsoft\CMake\CMake\share\cmake-4.2\Modules\Compiler\XL-CXX-DetermineCompiler.cmake C$:\Program$ Files\Microsoft$ Visual$ Studio\18\Community\Common7\IDE\CommonExtensions\Microsoft\CMake\CMake\share\cmake-4.2\Modules\Compiler\XLClang-CXX-DetermineCompiler.cmake C$:\Program$ Files\Microsoft$ Visual$ Studio\18\Community\Common7\IDE\CommonExtensions\Microsoft\CMake\CMake\share\cmake-4.2\Modules\Compiler\zOS-CXX-DetermineCompiler.cmake C$:\Program$ Files\Microsoft$ Visual$ Studio\18\Community\Common7\IDE\CommonExtensions\Microsoft\CMake\CMake\share\cmake-4.2\Modules\Internal\CMakeCXXLinkerInformation.cmake C$:\Program$ Files\Microsoft$ Visual$ Studio\18\Community\Common7\IDE\CommonExtensions\Microsoft\CMake\CMake\share\cmake-4.2\Modules\Internal\CMakeCommonLinkerInformation.cmake C$:\Program$ Files\Microsoft$ Visual$ Studio\18\Community\Common7\IDE\CommonExtensions\Microsoft\CMake\CMake\share\cmake-4.2\Modules\Internal\CMakeDetermineLinkerId.cmake C$:\Program$ Files\Microsoft$ Visual$ Studio\18\Community\Common7\IDE\CommonExtensions\Microsoft\CMake\CMake\share\cmake-4.2\Modules\Internal\CMakeInspectCXXLinker.cmake C$:\Program$ Files\Microsoft$ Visual$ Studio\18\Community\Common7\IDE\CommonExtensions\Microsoft\CMake\CMake\share\cmake-4.2\Modules\Internal\FeatureTesting.cmake C$:\Program$ Files\Microsoft$ Visual$ Studio\18\Community\Common7\IDE\CommonExtensions\Microsoft\CMake\CMake\share\cmake-4.2\Modules\Linker\MSVC-CXX.cmake C$:\Program$ Files\Microsoft$ Visual$ Studio\18\Community\Common7\IDE\CommonExtensions\Microsoft\CMake\CMake\share\cmake-4.2\Modules\Linker\MSVC.cmake C$:\Program$ Files\Microsoft$ Visual$ Studio\18\Community\Common7\IDE\CommonExtensions\Microsoft\CMake\CMake\share\cmake-4.2\Modules\Platform\Linker\Windows-MSVC-CXX.cmake C$:\Program$ Files\Microsoft$ Visual$ Studio\18\Community\Common7\IDE\CommonExtensions\Microsoft\CMake\CMake\share\cmake-4.2\Modules\Platform\Linker\Windows-MSVC.cmake C$:\Program$ Files\Microsoft$ Visual$ Studio\18\Community\Common7\IDE\CommonExtensions\Microsoft\CMake\CMake\share\cmake-4.2\Modules\Platform\Windows-Determine-CXX.cmake C$:\Program$ Files\Microsoft$ Visual$ Studio\18\Community\Common7\IDE\CommonExtensions\Microsoft\CMake\CMake\share\cmake-4.2\Modules\Platform\Windows-Initialize.cmake C$:\Program$ Files\Microsoft$ Visual$ Studio\18\Community\Common7\IDE\CommonExtensions\Microsoft\CMake\CMake\share\cmake-4.2\Modules\Platform\Windows-MSVC-CXX.cmake C$:\Program$ Files\Microsoft$ Visual$ Studio\18\Community\Common7\IDE\CommonExtensions\Microsoft\CMake\CMake\share\cmake-4.2\Modules\Platform\Windows-MSVC.cmake C$:\Program$ Files\Microsoft$ Visual$ Studio\18\Community\Common7\IDE\CommonExtensions\Microsoft\CMake\CMake\share\cmake-4.2\Modules\Platform\Windows.cmake C$:\Program$ Files\Microsoft$ Visual$ Studio\18\Community\Common7\IDE\CommonExtensions\Microsoft\CMake\CMake\share\cmake-4.2\Modules\Platform\WindowsPaths.cmake C$:\Program$ Files\Microsoft$ Visual$ Studio\18\Community\Common7\IDE\CommonExtensions\Microsoft\CMake\CMake\share\cmake-4.2\Modules\WriteBasicConfigVersionFile.cmake C$:\Program$ Files\Microsoft$ Visual$ Studio\18\Community\VC\vcpkg\scripts\buildsystems\vcpkg.cmake C$:\Program$ Files\Microsoft$ Visual$ Studio\18\Community\VC\vcpkg\scripts\toolchains\windows.cmake C$:\Users\Ondra\Desktop\3D$ engine\vcpkg_installed\vcpkg\blds\imgui\src\v1.92.7-b588f89316.clean\CMakeLists.txt C$:\Users\Ondra\Desktop\3D$ engine\vcpkg_installed\vcpkg\blds\imgui\src\v1.92.7-b588f89316.clean\imgui-config.cmake.in CMakeCache.txt CMakeFiles\4.2.3-msvc3\CMakeCXXCompiler.cmake CMakeFiles\4.2.3-msvc3\CMakeRCCompiler.cmake CMakeFiles\4.2.3-msvc3\CMakeSystem.cmake
  pool = console


#############################################
# A missing CMake input file is not an error.

build C$:\Program$ Files\Microsoft$ Visual$ Studio\18\Community\Common7\IDE\CommonExtensions\Microsoft\CMake\CMake\share\cmake-4.2\Modules\CMakeCXXCompiler.cmake.in C$:\Program$ Files\Microsoft$ Visual$ Studio\18\Community\Common7\IDE\CommonExtensions\Microsoft\CMake\CMake\share\cmake-4.2\Modules\CMakeCXXCompilerABI.cpp C$:\Program$ Files\Microsoft$ Visual$ Studio\18\Community\Common7\IDE\CommonExtensions\Microsoft\CMake\CMake\share\cmake-4.2\Modules\CMakeCXXInformation.cmake C$:\Program$ Files\Microsoft$ Visual$ Studio\18\Community\Common7\IDE\CommonExtensions\Microsoft\CMake\CMake\share\cmake-4.2\Modules\CMakeCommonLanguageInclude.cmake C$:\Program$ Files\Microsoft$ Visual$ Studio\18\Community\Common7\IDE\CommonExtensions\Microsoft\CMake\CMake\share\cmake-4.2\Modules\CMakeCompilerIdDetection.cmake C$:\Program$ Files\Microsoft$ Visual$ Studio\18\Community\Common7\IDE\CommonExtensions\Microsoft\CMake\CMake\share\cmake-4.2\Modules\CMakeDependentOption.cmake C$:\Program$ Files\Microsoft$ Visual$ Studio\18\Community\Common7\IDE\CommonExtensions\Microsoft\CMake\CMake\share\cmake-4.2\Modules\CMakeDetermineCXXCompiler.cmake C$:\Program$ Files\Microsoft$ Visual$ Studio\18\Community\Common7\IDE\CommonExtensions\Microsoft\CMake\CMake\share\cmake-4.2\Modules\CMakeDetermineCompiler.cmake C$:\Program$ Files\Microsoft$ Visual$ Studio\18\Community\Common7\IDE\CommonExtensions\Microsoft\CMake\CMake\share\cmake-4.2\Modules\CMakeDetermineCompilerABI.cmake C$:\Program$ Files\Microsoft$ Visual$ Studio\18\Community\Common7\IDE\CommonExtensions\Microsoft\CMake\CMake\share\cmake-4.2\Modules\CMakeDetermineCompilerId.cmake C$:\Program$ Files\Microsoft$ Visual$ Studio\18\Community\Common7\IDE\CommonExtensions\Microsoft\CMake\CMake\share\cmake-4.2\Modules\CMakeDetermineCompilerSupport.cmake C$:\Program$ Files\Microsoft$ Visual$ Studio\18\Community\Common7\IDE\CommonExtensions\Microsoft\CMake\CMake\share\cmake-4.2\Modules\CMakeDetermineRCCompiler.cmake C$:\Program$ Files\Microsoft$ Visual$ Studio\18\Community\Common7\IDE\CommonExtensions\Microsoft\CMake\CMake\share\cmake-4.2\Modules\CMakeDetermineSystem.cmake C$:\Program$ Files\Microsoft$ Visual$ Studio\18\Community\Common7\IDE\CommonExtensions\Microsoft\CMake\CMake\share\cmake-4.2\Modules\CMakeFindBinUtils.cmake C$:\Program$ Files\Microsoft$ Visual$ Studio\18\Community\Common7\IDE\CommonExtensions\Microsoft\CMake\CMake\share\cmake-4.2\Modules\CMakeGenericSystem.cmake C$:\Program$ Files\Microsoft$ Visual$ Studio\18\Community\Common7\IDE\CommonExtensions\Microsoft\CMake\CMake\share\cmake-4.2\Modules\CMakeInitializeConfigs.cmake C$:\Program$ Files\Microsoft$ Visual$ Studio\18\Community\Common7\IDE\CommonExtensions\Microsoft\CMake\CMake\share\cmake-4.2\Modules\CMakeLanguageInformation.cmake C$:\Program$ Files\Microsoft$ Visual$ Studio\18\Community\Common7\IDE\CommonExtensions\Microsoft\CMake\CMake\share\cmake-4.2\Modules\CMakePackageConfigHelpers.cmake C$:\Program$ Files\Microsoft$ Visual$ Studio\18\Community\Common7\IDE\CommonExtensions\Microsoft\CMake\CMake\share\cmake-4.2\Modules\CMakeParseImplicitIncludeInfo.cmake C$:\Program$ Files\Microsoft$ Visual$ Studio\18\Community\Common7\IDE\CommonExtensions\Microsoft\CMake\CMake\share\cmake-4.2\Modules\CMakeParseImplicitLinkInfo.cmake C$:\Program$ Files\Microsoft$ Visual$ Studio\18\Community\Common7\IDE\CommonExtensions\Microsoft\CMake\CMake\share\cmake-4.2\Modules\CMakeParseLibraryArchitecture.cmake C$:\Program$ Files\Microsoft$ Visual$ Studio\18\Community\Common7\IDE\CommonExtensions\Microsoft\CMake\CMake\share\cmake-4.2\Modules\CMakeRCCompiler.cmake.in C$:\Program$ Files\Microsoft$ Visual$ Studio\18\Community\Common7\IDE\CommonExtensions\Microsoft\CMake\CMake\share\cmake-4.2\Modules\CMakeRCInformation.cmake C$:\Program$ Files\Microsoft$ Visual$ Studio\18\Community\Common7\IDE\CommonExtensions\Microsoft\CMake\CMake\share\cmake-4.2\Modules\CMakeSystem.cmake.in C$:\Program$ Files\Microsoft$ Visual$ Studio\18\Community\Common7\IDE\CommonExtensions\Microsoft\CMake\CMake\share\cmake-4.2\Modules\CMakeSystemSpecificInformation.cmake C$:\Program$ Files\Microsoft$ Visual$ Studio\18\Community\Common7\IDE\CommonExtensions\Microsoft\CMake\CMake\share\cmake-4.2\Modules\CMakeSystemSpecificInitialize.cmake C$:\Program$ Files\Microsoft$ Visual$ Studio\18\Community\Common7\IDE\CommonExtensions\Microsoft\CMake\CMake\share\cmake-4.2\Modules\CMakeTestCXXCompiler.cmake C$:\Program$ Files\Microsoft$ Visual$ Studio\18\Community\Common7\IDE\CommonExtensions\Microsoft\CMake\CMake\share\cmake-4.2\Modules\CMakeTestCompilerCommon.cmake C$:\Program$ Files\Microsoft$ Visual$ Studio\18\Community\Common7\IDE\CommonExtensions\Microsoft\CMake\CMake\share\cmake-4.2\Modules\CMakeTestRCCompiler.cmake C$:\Program$ Files\Microsoft$ Visual$ Studio\18\Community\Common7\IDE\CommonExtensions\Microsoft\CMake\CMake\share\cmake-4.2\Modules\Compiler\ADSP-DetermineCompiler.cmake C$:\Program$ Files\Microsoft$ Visual$ Studio\18\Community\Common7\IDE\CommonExtensions\Microsoft\CMake\CMake\share\cmake-4.2\Modules\Compiler\ARMCC-DetermineCompiler.cmake C$:\Program$ Files\Microsoft$ Visual$ Studio\18\Community\Common7\IDE\CommonExtensions\Microsoft\CMake\CMake\share\cmake-4.2\Modules\Compiler\ARMClang-DetermineCompiler.cmake C$:\Program$ Files\Microsoft$ Visual$ Studio\18\Community\Common7\IDE\CommonExtensions\Microsoft\CMake\CMake\share\cmake-4.2\Modules\Compiler\AppleClang-DetermineCompiler.cmake C$:\Program$ Files\Microsoft$ Visual$ Studio\18\Community\Common7\IDE\CommonExtensions\Microsoft\CMake\CMake\share\cmake-4.2\Modules\Compiler\Borland-DetermineCompiler.cmake C$:\Program$ Files\Microsoft$ Visual$ Studio\18\Community\Common7\IDE\CommonExtensions\Microsoft\CMake\CMake\share\cmake-4.2\Modules\Compiler\CMakeCommonCompilerMacros.cmake C$:\Program$ Files\Microsoft$ Visual$ Studio\18\Community\Common7\IDE\CommonExtensions\Microsoft\CMake\CMake\share\cmake-4.2\Modules\Compiler\Clang-DetermineCompiler.cmake C$:\Program$ Files\Microsoft$ Visual$ Studio\18\Community\Common7\IDE\CommonExtensions\Microsoft\CMake\CMake\share\cmake-4.2\Modules\Compiler\Clang-DetermineCompilerInternal.cmake C$:\Program$ Files\Microsoft$ Visual$ Studio\18\Community\Common7\IDE\CommonExtensions\Microsoft\CMake\CMake\share\cmake-4.2\Modules\Compiler\Compaq-CXX-DetermineCompiler.cmake C$:\Program$ Files\Microsoft$ Visual$ Studio\18\Community\Common7\IDE\CommonExtensions\Microsoft\CMake\CMake\share\cmake-4.2\Modules\Compiler\Cray-DetermineCompiler.cmake C$:\Program$ Files\Microsoft$ Visual$ Studio\18\Community\Common7\IDE\CommonExtensions\Microsoft\CMake\CMake\share\cmake-4.2\Modules\Compiler\CrayClang-DetermineCompiler.cmake C$:\Program$ Files\Microsoft$ Visual$ Studio\18\Community\Common7\IDE\CommonExtensions\Microsoft\CMake\CMake\share\cmake-4.2\Modules\Compiler\Diab-DetermineCompiler.cmake C$:\Program$ Files\Microsoft$ Visual$ Studio\18\Community\Common7\IDE\CommonExtensions\Microsoft\CMake\CMake\share\cmake-4.2\Modules\Compiler\Embarcadero-DetermineCompiler.cmake C$:\Program$ Files\Microsoft$ Visual$ Studio\18\Community\Common7\IDE\CommonExtensions\Microsoft\CMake\CMake\share\cmake-4.2\Modules\Compiler\Fujitsu-DetermineCompiler.cmake C$:\Program$ Files\Microsoft$ Visual$ Studio\18\Community\Common7\IDE\CommonExtensions\Microsoft\CMake\CMake\share\cmake-4.2\Modules\Compiler\FujitsuClang-DetermineCompiler.cmake C$:\Program$ Files\Microsoft$ Visual$ Studio\18\Community\Common7\IDE\CommonExtensions\Microsoft\CMake\CMake\share\cmake-4.2\Modules\Compiler\GHS-DetermineCompiler.cmake C$:\Program$ Files\Microsoft$ Visual$ Studio\18\Community\Common7\IDE\CommonExtensions\Microsoft\CMake\CMake\share\cmake-4.2\Modules\Compiler\GNU-CXX-DetermineCompiler.cmake C$:\Program$ Files\Microsoft$ Visual$ Studio\18\Community\Common7\IDE\CommonExtensions\Microsoft\CMake\CMake\share\cmake-4.2\Modules\Compiler\HP-CXX-DetermineCompiler.cmake C$:\Program$ Files\Microsoft$ Visual$ Studio\18\Community\Common7\IDE\CommonExtensions\Microsoft\CMake\CMake\share\cmake-4.2\Modules\Compiler\IAR-DetermineCompiler.cmake C$:\Program$ Files\Microsoft$ Visual$ Studio\18\Community\Common7\IDE\CommonExtensions\Microsoft\CMake\CMake\share\cmake-4.2\Modules\Compiler\IBMCPP-CXX-DetermineVersionInternal.cmake C$:\Program$ Files\Microsoft$ Visual$ Studio\18\Community\Common7\IDE\CommonExtensions\Microsoft\CMake\CMake\share\cmake-4.2\Modules\Compiler\IBMClang-CXX-DetermineCompiler.cmake C$:\Program$ Files\Microsoft$ Visual$ Studio\18\Community\Common7\IDE\CommonExtensions\Microsoft\CMake\CMake\share\cmake-4.2\Modules\Compiler\Intel-DetermineCompiler.cmake C$:\Program$ Files\Microsoft$ Visual$ Studio\18\Community\Common7\IDE\CommonExtensions\Microsoft\CMake\CMake\share\cmake-4.2\Modules\Compiler\IntelLLVM-DetermineCompiler.cmake C$:\Program$ Files\Microsoft$ Visual$ Studio\18\Community\Common7\IDE\CommonExtensions\Microsoft\CMake\CMake\share\cmake-4.2\Modules\Compiler\LCC-CXX-DetermineCompiler.cmake C$:\Program$ Files\Microsoft$ Visual$ Studio\18\Community\Common7\IDE\CommonExtensions\Microsoft\CMake\CMake\share\cmake-4.2\Modules\Compiler\MSVC-CXX-CXXImportStd.cmake C$:\Program$ Files\Microsoft$ Visual$ Studio\18\Community\Common7\IDE\CommonExtensions\Microsoft\CMake\CMake\share\cmake-4.2\Modules\Compiler\MSVC-CXX.cmake C$:\Program$ Files\Microsoft$ Visual$ Studio\18\Community\Common7\IDE\CommonExtensions\Microsoft\CMake\CMake\share\cmake-4.2\Modules\Compiler\MSVC-DetermineCompiler.cmake C$:\Program$ Files\Microsoft$ Visual$ Studio\18\Community\Common7\IDE\CommonExtensions\Microsoft\CMake\CMake\share\cmake-4.2\Modules\Compiler\MSVC.cmake C$:\Program$ Files\Microsoft$ Visual$ Studio\18\Community\Common7\IDE\CommonExtensions\Microsoft\CMake\CMake\share\cmake-4.2\Modules\Compiler\NVHPC-DetermineCompiler.cmake C$:\Program$ Files\Microsoft$ Visual$ Studio\18\Community\Common7\IDE\CommonExtensions\Microsoft\CMake\CMake\share\cmake-4.2\Modules\Compiler\NVIDIA-DetermineCompiler.cmake C$:\Program$ Files\Microsoft$ Visual$ Studio\18\Community\Common7\IDE\CommonExtensions\Microsoft\CMake\CMake\share\cmake-4.2\Modules\Compiler\OpenWatcom-DetermineCompiler.cmake C$:\Program$ Files\Microsoft$ Visual$ Studio\18\Community\Common7\IDE\CommonExtensions\Microsoft\CMake\CMake\share\cmake-4.2\Modules\Compiler\OrangeC-DetermineCompiler.cmake C$:\Program$ Files\Microsoft$ Visual$ Studio\18\Community\Common7\IDE\CommonExtensions\Microsoft\CMake\CMake\share\cmake-4.2\Modules\Compiler\PGI-DetermineCompiler.cmake C$:\Program$ Files\Microsoft$ Visual$ Studio\18\Community\Common7\IDE\CommonExtensions\Microsoft\CMake\CMake\share\cmake-4.2\Modules\Compiler\PathScale-DetermineCompiler.cmake C$:\Program$ Files\Microsoft$ Visual$ Studio\18\Community\Common7\IDE\CommonExtensions\Microsoft\CMake\CMake\share\cmake-4.2\Modules\Compiler\Renesas-DetermineCompiler.cmake C$:\Program$ Files\Microsoft$ Visual$ Studio\18\Community\Common7\IDE\CommonExtensions\Microsoft\CMake\CMake\share\cmake-4.2\Modules\Compiler\SCO-DetermineCompiler.cmake C$:\Program$ Files\Microsoft$ Visual$ Studio\18\Community\Common7\IDE\CommonExtensions\Microsoft\CMake\CMake\share\cmake-4.2\Modules\Compiler\SunPro-CXX-DetermineCompiler.cmake C$:\Program$ Files\Microsoft$ Visual$ Studio\18\Community\Common7\IDE\CommonExtensions\Microsoft\CMake\CMake\share\cmake-4.2\Modules\Compiler\TI-DetermineCompiler.cmake C$:\Program$ Files\Microsoft$ Visual$ Studio\18\Community\Common7\IDE\CommonExtensions\Microsoft\CMake\CMake\share\cmake-4.2\Modules\Compiler\TIClang-DetermineCompiler.cmake C$:\Program$ Files\Microsoft$ Visual$ Studio\18\Community\Common7\IDE\CommonExtensions\Microsoft\CMake\CMake\share\cmake-4.2\Modules\Compiler\Tasking-DetermineCompiler.cmake C$:\Program$ Files\Microsoft$ Visual$ Studio\18\Community\Common7\IDE\CommonExtensions\Microsoft\CMake\CMake\share\cmake-4.2\Modules\Compiler\VisualAge-CXX-DetermineCompiler.cmake C$:\Program$ Files\Microsoft$ Visual$ Studio\18\Community\Common7\IDE\CommonExtensions\Microsoft\CMake\CMake\share\cmake-4.2\Modules\Compiler\Watcom-DetermineCompiler.cmake C$:\Program$ Files\Microsoft$ Visual$ Studio\18\Community\Common7\IDE\CommonExtensions\Microsoft\CMake\CMake\share\cmake-4.2\Modules\Compiler\XL-CXX-DetermineCompiler.cmake C$:\Program$ Files\Microsoft$ Visual$ Studio\18\Community\Common7\IDE\CommonExtensions\Microsoft\CMake\CMake\share\cmake-4.2\Modules\Compiler\XLClang-CXX-DetermineCompiler.cmake C$:\Program$ Files\Microsoft$ Visual$ Studio\18\Community\Common7\IDE\CommonExtensions\Microsoft\CMake\CMake\share\cmake-4.2\Modules\Compiler\zOS-CXX-DetermineCompiler.cmake C$:\Program$ Files\Microsoft$ Visual$ Studio\18\Community\Common7\IDE\CommonExtensions\Microsoft\CMake\CMake\share\cmake-4.2\Modules\Internal\CMakeCXXLinkerInformation.cmake C$:\Program$ Files\Microsoft$ Visual$ Studio\18\Community\Common7\IDE\CommonExtensions\Microsoft\CMake\CMake\share\cmake-4.2\Modules\Internal\CMakeCommonLinkerInformation.cmake C$:\Program$ Files\Microsoft$ Visual$ Studio\18\Community\Common7\IDE\CommonExtensions\Microsoft\CMake\CMake\share\cmake-4.2\Modules\Internal\CMakeDetermineLinkerId.cmake C$:\Program$ Files\Microsoft$ Visual$ Studio\18\Community\Common7\IDE\CommonExtensions\Microsoft\CMake\CMake\share\cmake-4.2\Modules\Internal\CMakeInspectCXXLinker.cmake C$:\Program$ Files\Microsoft$ Visual$ Studio\18\Community\Common7\IDE\CommonExtensions\Microsoft\CMake\CMake\share\cmake-4.2\Modules\Internal\FeatureTesting.cmake C$:\Program$ Files\Microsoft$ Visual$ Studio\18\Community\Common7\IDE\CommonExtensions\Microsoft\CMake\CMake\share\cmake-4.2\Modules\Linker\MSVC-CXX.cmake C$:\Program$ Files\Microsoft$ Visual$ Studio\18\Community\Common7\IDE\CommonExtensions\Microsoft\CMake\CMake\share\cmake-4.2\Modules\Linker\MSVC.cmake C$:\Program$ Files\Microsoft$ Visual$ Studio\18\Community\Common7\IDE\CommonExtensions\Microsoft\CMake\CMake\share\cmake-4.2\Modules\Platform\Linker\Windows-MSVC-CXX.cmake C$:\Program$ Files\Microsoft$ Visual$ Studio\18\Community\Common7\IDE\CommonExtensions\Microsoft\CMake\CMake\share\cmake-4.2\Modules\Platform\Linker\Windows-MSVC.cmake C$:\Program$ Files\Microsoft$ Visual$ Studio\18\Community\Common7\IDE\CommonExtensions\Microsoft\CMake\CMake\share\cmake-4.2\Modules\Platform\Windows-Determine-CXX.cmake C$:\Program$ Files\Microsoft$ Visual$ Studio\18\Community\Common7\IDE\CommonExtensions\Microsoft\CMake\CMake\share\cmake-4.2\Modules\Platform\Windows-Initialize.cmake C$:\Program$ Files\Microsoft$ Visual$ Studio\18\Community\Common7\IDE\CommonExtensions\Microsoft\CMake\CMake\share\cmake-4.2\Modules\Platform\Windows-MSVC-CXX.cmake C$:\Program$ Files\Microsoft$ Visual$ Studio\18\Community\Common7\IDE\CommonExtensions\Microsoft\CMake\CMake\share\cmake-4.2\Modules\Platform\Windows-MSVC.cmake C$:\Program$ Files\Microsoft$ Visual$ Studio\18\Community\Common7\IDE\CommonExtensions\Microsoft\CMake\CMake\share\cmake-4.2\Modules\Platform\Windows.cmake C$:\Program$ Files\Microsoft$ Visual$ Studio\18\Community\Common7\IDE\CommonExtensions\Microsoft\CMake\CMake\share\cmake-4.2\Modules\Platform\WindowsPaths.cmake C$:\Program$ Files\Microsoft$ Visual$ Studio\18\Community\Common7\IDE\CommonExtensions\Microsoft\CMake\CMake\share\cmake-4.2\Modules\WriteBasicConfigVersionFile.cmake C$:\Program$ Files\Microsoft$ Visual$ Studio\18\Community\VC\vcpkg\scripts\buildsystems\vcpkg.cmake C$:\Program$ Files\Microsoft$ Visual$ Studio\18\Community\VC\vcpkg\scripts\toolchains\windows.cmake C$:\Users\Ondra\Desktop\3D$ engine\vcpkg_installed\vcpkg\blds\imgui\src\v1.92.7-b588f89316.clean\CMakeLists.txt C$:\Users\Ondra\Desktop\3D$ engine\vcpkg_installed\vcpkg\blds\imgui\src\v1.92.7-b588f89316.clean\imgui-config.cmake.in CMakeCache.txt CMakeFiles\4.2.3-msvc3\CMakeCXXCompiler.cmake CMakeFiles\4.2.3-msvc3\CMakeRCCompiler.cmake CMakeFiles\4.2.3-msvc3\CMakeSystem.cmake: phony


#############################################
# Clean all the built files.

build clean: CLEAN


#############################################
# Print all primary targets available.

build help: HELP


#############################################
# Make the all target the default.

default all
